2025-07-08 17:24:22,941 - INFO - Starting music tuning pipeline...
2025-07-08 17:24:22,941 - INFO - Selected genre: pop
2025-07-08 17:24:22,941 - INFO - Loading voice from: output/voice.wav
2025-07-08 17:24:28,399 - INFO - Voice sample rate: 24000
2025-07-08 17:24:28,400 - INFO - Loading music from: output/music.wav
2025-07-08 17:24:28,402 - INFO - Music sample rate: 32000
2025-07-08 17:24:30,781 - ERROR - Music tuning failed.
Traceback (most recent call last):
  File "C:\Users\SNEH\Desktop\AI MUSIC\tune_music.py", line 43, in <module>
    logger.info(f"Voice tempo: {tempo_voice:.2f} BPM")
                ^^^^^^^^^^^^^^^^^^^^^^^^^^^^^^^^^^^^^
TypeError: unsupported format string passed to numpy.ndarray.__format__
2025-07-08 17:35:42,329 - INFO - Tuning music for genre: pop
2025-07-08 17:35:47,063 - ERROR - \u274c Music tuning failed.
Traceback (most recent call last):
  File "C:\Users\SNEH\Desktop\AI MUSIC\tune_music.py", line 39, in <module>
    logger.info(f"Voice tempo: {tempo_voice:.2f} | Music tempo: {tempo_music:.2f}")
                ^^^^^^^^^^^^^^^^^^^^^^^^^^^^^^^^^^^^^^^^^^^^^^^^^^^^^^^^^^^^^^^^^^
TypeError: unsupported format string passed to numpy.ndarray.__format__
2025-07-08 17:41:28,779 - INFO - Tuning music for genre: pop
2025-07-08 17:41:32,319 - INFO - Voice tempo: 100.45 | Music tempo: 78.12
2025-07-08 17:41:35,421 - INFO - \u2705 Final tuned mix exported: output/final_mix.wav
2025-07-08 19:50:41,320 - INFO - Tuning music for genre: pop
2025-07-08 19:50:48,653 - INFO - Voice tempo: 127.84 | Music tempo: 156.25
2025-07-08 19:50:51,715 - INFO - \u2705 Final tuned mix exported: output/final_mix.wav
2025-07-09 11:20:20,765 - INFO - Tuning music for genre: pop
2025-07-09 11:20:29,244 - ERROR - \u274c Music tuning failed.
Traceback (most recent call last):
  File "C:\Users\SNEH\AppData\Local\Programs\Python\Python311\Lib\site-packages\librosa\core\audio.py", line 176, in load
    y, sr_native = __soundfile_load(path, offset, duration, dtype)
                   ^^^^^^^^^^^^^^^^^^^^^^^^^^^^^^^^^^^^^^^^^^^^^^^
  File "C:\Users\SNEH\AppData\Local\Programs\Python\Python311\Lib\site-packages\librosa\core\audio.py", line 209, in __soundfile_load
    context = sf.SoundFile(path)
              ^^^^^^^^^^^^^^^^^^
  File "C:\Users\SNEH\AppData\Local\Programs\Python\Python311\Lib\site-packages\soundfile.py", line 690, in __init__
    self._file = self._open(file, mode_int, closefd)
                 ^^^^^^^^^^^^^^^^^^^^^^^^^^^^^^^^^^^
  File "C:\Users\SNEH\AppData\Local\Programs\Python\Python311\Lib\site-packages\soundfile.py", line 1265, in _open
    raise LibsndfileError(err, prefix="Error opening {0!r}: ".format(self.name))
soundfile.LibsndfileError: Error opening 'output/voice.wav': System error.

During handling of the above exception, another exception occurred:

Traceback (most recent call last):
  File "c:\Users\SNEH\Desktop\AI MUSIC\run.py", line 33, in <module>
    voice_audio, sr_voice = librosa.load(voice_path, sr=None)
                            ^^^^^^^^^^^^^^^^^^^^^^^^^^^^^^^^^
  File "C:\Users\SNEH\AppData\Local\Programs\Python\Python311\Lib\site-packages\librosa\core\audio.py", line 184, in load
    y, sr_native = __audioread_load(path, offset, duration, dtype)
                   ^^^^^^^^^^^^^^^^^^^^^^^^^^^^^^^^^^^^^^^^^^^^^^^
  File "C:\Users\SNEH\AppData\Local\Programs\Python\Python311\Lib\site-packages\decorator.py", line 235, in fun
    return caller(func, *(extras + args), **kw)
           ^^^^^^^^^^^^^^^^^^^^^^^^^^^^^^^^^^^^
  File "C:\Users\SNEH\AppData\Local\Programs\Python\Python311\Lib\site-packages\librosa\util\decorators.py", line 63, in __wrapper
    return func(*args, **kwargs)
           ^^^^^^^^^^^^^^^^^^^^^
  File "C:\Users\SNEH\AppData\Local\Programs\Python\Python311\Lib\site-packages\librosa\core\audio.py", line 240, in __audioread_load
    reader = audioread.audio_open(path)
             ^^^^^^^^^^^^^^^^^^^^^^^^^^
  File "C:\Users\SNEH\AppData\Local\Programs\Python\Python311\Lib\site-packages\audioread\__init__.py", line 127, in audio_open
    return BackendClass(path)
           ^^^^^^^^^^^^^^^^^^
  File "C:\Users\SNEH\AppData\Local\Programs\Python\Python311\Lib\site-packages\audioread\rawread.py", line 59, in __init__
    self._fh = open(filename, 'rb')
               ^^^^^^^^^^^^^^^^^^^^
FileNotFoundError: [Errno 2] No such file or directory: 'output/voice.wav'
2025-07-09 11:20:29,657 - INFO - [31m[1mWARNING: This is a development server. Do not use it in a production deployment. Use a production WSGI server instead.[0m
 * Running on http://127.0.0.1:5000
2025-07-09 11:20:29,657 - INFO - [33mPress CTRL+C to quit[0m
2025-07-09 11:20:29,664 - INFO -  * Restarting with stat
2025-07-09 11:20:29,947 - INFO - Tuning music for genre: pop
2025-07-09 11:20:31,783 - ERROR - \u274c Music tuning failed.
Traceback (most recent call last):
  File "C:\Users\SNEH\AppData\Local\Programs\Python\Python311\Lib\site-packages\librosa\core\audio.py", line 176, in load
    y, sr_native = __soundfile_load(path, offset, duration, dtype)
                   ^^^^^^^^^^^^^^^^^^^^^^^^^^^^^^^^^^^^^^^^^^^^^^^
  File "C:\Users\SNEH\AppData\Local\Programs\Python\Python311\Lib\site-packages\librosa\core\audio.py", line 209, in __soundfile_load
    context = sf.SoundFile(path)
              ^^^^^^^^^^^^^^^^^^
  File "C:\Users\SNEH\AppData\Local\Programs\Python\Python311\Lib\site-packages\soundfile.py", line 690, in __init__
    self._file = self._open(file, mode_int, closefd)
                 ^^^^^^^^^^^^^^^^^^^^^^^^^^^^^^^^^^^
  File "C:\Users\SNEH\AppData\Local\Programs\Python\Python311\Lib\site-packages\soundfile.py", line 1265, in _open
    raise LibsndfileError(err, prefix="Error opening {0!r}: ".format(self.name))
soundfile.LibsndfileError: Error opening 'output/voice.wav': System error.

During handling of the above exception, another exception occurred:

Traceback (most recent call last):
  File "c:\Users\SNEH\Desktop\AI MUSIC\run.py", line 33, in <module>
    voice_audio, sr_voice = librosa.load(voice_path, sr=None)
                            ^^^^^^^^^^^^^^^^^^^^^^^^^^^^^^^^^
  File "C:\Users\SNEH\AppData\Local\Programs\Python\Python311\Lib\site-packages\librosa\core\audio.py", line 184, in load
    y, sr_native = __audioread_load(path, offset, duration, dtype)
                   ^^^^^^^^^^^^^^^^^^^^^^^^^^^^^^^^^^^^^^^^^^^^^^^
  File "C:\Users\SNEH\AppData\Local\Programs\Python\Python311\Lib\site-packages\decorator.py", line 235, in fun
    return caller(func, *(extras + args), **kw)
           ^^^^^^^^^^^^^^^^^^^^^^^^^^^^^^^^^^^^
  File "C:\Users\SNEH\AppData\Local\Programs\Python\Python311\Lib\site-packages\librosa\util\decorators.py", line 63, in __wrapper
    return func(*args, **kwargs)
           ^^^^^^^^^^^^^^^^^^^^^
  File "C:\Users\SNEH\AppData\Local\Programs\Python\Python311\Lib\site-packages\librosa\core\audio.py", line 240, in __audioread_load
    reader = audioread.audio_open(path)
             ^^^^^^^^^^^^^^^^^^^^^^^^^^
  File "C:\Users\SNEH\AppData\Local\Programs\Python\Python311\Lib\site-packages\audioread\__init__.py", line 127, in audio_open
    return BackendClass(path)
           ^^^^^^^^^^^^^^^^^^
  File "C:\Users\SNEH\AppData\Local\Programs\Python\Python311\Lib\site-packages\audioread\rawread.py", line 59, in __init__
    self._fh = open(filename, 'rb')
               ^^^^^^^^^^^^^^^^^^^^
FileNotFoundError: [Errno 2] No such file or directory: 'output/voice.wav'
2025-07-09 11:20:32,002 - WARNING -  * Debugger is active!
2025-07-09 11:20:32,027 - INFO -  * Debugger PIN: 133-803-107
2025-07-09 11:20:32,157 - INFO - 127.0.0.1 - - [09/Jul/2025 11:20:32] "GET / HTTP/1.1" 200 -
2025-07-09 11:20:33,415 - INFO - 127.0.0.1 - - [09/Jul/2025 11:20:33] "[33mGET /favicon.ico HTTP/1.1[0m" 404 -
2025-07-09 11:20:35,958 - INFO - 127.0.0.1 - - [09/Jul/2025 11:20:35] "GET / HTTP/1.1" 200 -
2025-07-09 11:20:56,975 - INFO - Starting generation for: energetic song
2025-07-09 11:20:56,975 - INFO - Genre: pop, Mood: energetic
2025-07-09 11:20:56,975 - INFO - Using existing audio: True
2025-07-09 11:20:56,983 - INFO - Using uploaded audio file: output\best_voice.wav
2025-07-09 11:20:56,983 - INFO - Starting music generation...
2025-07-09 11:20:56,983 - INFO - Running: sound\audiocraft_env\Scripts\python sound\main.py
2025-07-09 11:22:33,082 - INFO - Tuning music for genre: pop
2025-07-09 11:22:40,121 - INFO - Voice tempo: 127.84 | Music tempo: 133.93
2025-07-09 11:22:45,372 - INFO - \u2705 Final tuned mix exported: output/final_mix.wav
2025-07-09 11:22:45,621 - INFO - [31m[1mWARNING: This is a development server. Do not use it in a production deployment. Use a production WSGI server instead.[0m
 * Running on http://127.0.0.1:5000
2025-07-09 11:22:45,621 - INFO - [33mPress CTRL+C to quit[0m
2025-07-09 11:22:45,626 - INFO -  * Restarting with stat
2025-07-09 11:22:45,912 - INFO - Tuning music for genre: pop
2025-07-09 11:22:51,558 - INFO - Voice tempo: 127.84 | Music tempo: 133.93
2025-07-09 11:22:52,582 - INFO - \u2705 Final tuned mix exported: output/final_mix.wav
2025-07-09 11:22:52,727 - WARNING -  * Debugger is active!
2025-07-09 11:22:52,732 - INFO -  * Debugger PIN: 133-803-107
2025-07-09 11:22:52,769 - INFO - 127.0.0.1 - - [09/Jul/2025 11:22:52] "GET / HTTP/1.1" 200 -
2025-07-09 11:22:52,795 - INFO - 127.0.0.1 - - [09/Jul/2025 11:22:52] "GET / HTTP/1.1" 200 -
2025-07-09 11:23:09,914 - INFO - Starting generation for: energetic song
2025-07-09 11:23:09,914 - INFO - Genre: pop, Mood: energetic
2025-07-09 11:23:09,914 - INFO - Using existing audio: True
2025-07-09 11:23:09,921 - INFO - Using uploaded audio file: output\voice.wav
2025-07-09 11:23:09,921 - INFO - Starting music generation...
2025-07-09 11:23:09,921 - INFO - Running: sound\audiocraft_env\Scripts\python sound\main.py
2025-07-09 11:25:53,978 - INFO - STDOUT:
     1 /   1053
     2 /   1053
     3 /   1053
     4 /   1053
     5 /   1053
     6 /   1053
     7 /   1053
     8 /   1053
     9 /   1053
    10 /   1053
    11 /   1053
    12 /   1053
    13 /   1053
    14 /   1053
    15 /   1053
    16 /   1053
    17 /   1053
    18 /   1053
    19 /   1053
    20 /   1053
    21 /   1053
    22 /   1053
    23 /   1053
    24 /   1053
    25 /   1053
    26 /   1053
    27 /   1053
    28 /   1053
    29 /   1053
    30 /   1053
    31 /   1053
    32 /   1053
    33 /   1053
    34 /   1053
    35 /   1053
    36 /   1053
    37 /   1053
    38 /   1053
    39 /   1053
    40 /   1053
    41 /   1053
    42 /   1053
    43 /   1053
    44 /   1053
    45 /   1053
    46 /   1053
    47 /   1053
    48 /   1053
    49 /   1053
    50 /   1053
    51 /   1053
    52 /   1053
    53 /   1053
    54 /   1053
    55 /   1053
    56 /   1053
    57 /   1053
    58 /   1053
    59 /   1053
    60 /   1053
    61 /   1053
    62 /   1053
    63 /   1053
    64 /   1053
    65 /   1053
    66 /   1053
    67 /   1053
    68 /   1053
    69 /   1053
    70 /   1053
    71 /   1053
    72 /   1053
    73 /   1053
    74 /   1053
    75 /   1053
    76 /   1053
    77 /   1053
    78 /   1053
    79 /   1053
    80 /   1053
    81 /   1053
    82 /   1053
    83 /   1053
    84 /   1053
    85 /   1053
    86 /   1053
    87 /   1053
    88 /   1053
    89 /   1053
    90 /   1053
    91 /   1053
    92 /   1053
    93 /   1053
    94 /   1053
    95 /   1053
    96 /   1053
    97 /   1053
    98 /   1053
    99 /   1053
   100 /   1053
   101 /   1053
   102 /   1053
   103 /   1053
   104 /   1053
   105 /   1053
   106 /   1053
   107 /   1053
   108 /   1053
   109 /   1053
   110 /   1053
   111 /   1053
   112 /   1053
   113 /   1053
   114 /   1053
   115 /   1053
   116 /   1053
   117 /   1053
   118 /   1053
   119 /   1053
   120 /   1053
   121 /   1053
   122 /   1053
   123 /   1053
   124 /   1053
   125 /   1053
   126 /   1053
   127 /   1053
   128 /   1053
   129 /   1053
   130 /   1053
   131 /   1053
   132 /   1053
   133 /   1053
   134 /   1053
   135 /   1053
   136 /   1053
   137 /   1053
   138 /   1053
   139 /   1053
   140 /   1053
   141 /   1053
   142 /   1053
   143 /   1053
   144 /   1053
   145 /   1053
   146 /   1053
   147 /   1053
   148 /   1053
   149 /   1053
   150 /   1053
   151 /   1053
   152 /   1053
   153 /   1053
   154 /   1053
   155 /   1053
   156 /   1053
   157 /   1053
   158 /   1053
   159 /   1053
   160 /   1053
   161 /   1053
   162 /   1053
   163 /   1053
   164 /   1053
   165 /   1053
   166 /   1053
   167 /   1053
   168 /   1053
   169 /   1053
   170 /   1053
   171 /   1053
   172 /   1053
   173 /   1053
   174 /   1053
   175 /   1053
   176 /   1053
   177 /   1053
   178 /   1053
   179 /   1053
   180 /   1053
   181 /   1053
   182 /   1053
   183 /   1053
   184 /   1053
   185 /   1053
   186 /   1053
   187 /   1053
   188 /   1053
   189 /   1053
   190 /   1053
   191 /   1053
   192 /   1053
   193 /   1053
   194 /   1053
   195 /   1053
   196 /   1053
   197 /   1053
   198 /   1053
   199 /   1053
   200 /   1053
   201 /   1053
   202 /   1053
   203 /   1053
   204 /   1053
   205 /   1053
   206 /   1053
   207 /   1053
   208 /   1053
   209 /   1053
   210 /   1053
   211 /   1053
   212 /   1053
   213 /   1053
   214 /   1053
   215 /   1053
   216 /   1053
   217 /   1053
   218 /   1053
   219 /   1053
   220 /   1053
   221 /   1053
   222 /   1053
   223 /   1053
   224 /   1053
   225 /   1053
   226 /   1053
   227 /   1053
   228 /   1053
   229 /   1053
   230 /   1053
   231 /   1053
   232 /   1053
   233 /   1053
   234 /   1053
   235 /   1053
   236 /   1053
   237 /   1053
   238 /   1053
   239 /   1053
   240 /   1053
   241 /   1053
   242 /   1053
   243 /   1053
   244 /   1053
   245 /   1053
   246 /   1053
   247 /   1053
   248 /   1053
   249 /   1053
   250 /   1053
   251 /   1053
   252 /   1053
   253 /   1053
   254 /   1053
   255 /   1053
   256 /   1053
   257 /   1053
   258 /   1053
   259 /   1053
   260 /   1053
   261 /   1053
   262 /   1053
   263 /   1053
   264 /   1053
   265 /   1053
   266 /   1053
   267 /   1053
   268 /   1053
   269 /   1053
   270 /   1053
   271 /   1053
   272 /   1053
   273 /   1053
   274 /   1053
   275 /   1053
   276 /   1053
   277 /   1053
   278 /   1053
   279 /   1053
   280 /   1053
   281 /   1053
   282 /   1053
   283 /   1053
   284 /   1053
   285 /   1053
   286 /   1053
   287 /   1053
   288 /   1053
   289 /   1053
   290 /   1053
   291 /   1053
   292 /   1053
   293 /   1053
   294 /   1053
   295 /   1053
   296 /   1053
   297 /   1053
   298 /   1053
   299 /   1053
   300 /   1053
   301 /   1053
   302 /   1053
   303 /   1053
   304 /   1053
   305 /   1053
   306 /   1053
   307 /   1053
   308 /   1053
   309 /   1053
   310 /   1053
   311 /   1053
   312 /   1053
   313 /   1053
   314 /   1053
   315 /   1053
   316 /   1053
   317 /   1053
   318 /   1053
   319 /   1053
   320 /   1053
   321 /   1053
   322 /   1053
   323 /   1053
   324 /   1053
   325 /   1053
   326 /   1053
   327 /   1053
   328 /   1053
   329 /   1053
   330 /   1053
   331 /   1053
   332 /   1053
   333 /   1053
   334 /   1053
   335 /   1053
   336 /   1053
   337 /   1053
   338 /   1053
   339 /   1053
   340 /   1053
   341 /   1053
   342 /   1053
   343 /   1053
   344 /   1053
   345 /   1053
   346 /   1053
   347 /   1053
   348 /   1053
   349 /   1053
   350 /   1053
   351 /   1053
   352 /   1053
   353 /   1053
   354 /   1053
   355 /   1053
   356 /   1053
   357 /   1053
   358 /   1053
   359 /   1053
   360 /   1053
   361 /   1053
   362 /   1053
   363 /   1053
   364 /   1053
   365 /   1053
   366 /   1053
   367 /   1053
   368 /   1053
   369 /   1053
   370 /   1053
   371 /   1053
   372 /   1053
   373 /   1053
   374 /   1053
   375 /   1053
   376 /   1053
   377 /   1053
   378 /   1053
   379 /   1053
   380 /   1053
   381 /   1053
   382 /   1053
   383 /   1053
   384 /   1053
   385 /   1053
   386 /   1053
   387 /   1053
   388 /   1053
   389 /   1053
   390 /   1053
   391 /   1053
   392 /   1053
   393 /   1053
   394 /   1053
   395 /   1053
   396 /   1053
   397 /   1053
   398 /   1053
   399 /   1053
   400 /   1053
   401 /   1053
   402 /   1053
   403 /   1053
   404 /   1053
   405 /   1053
   406 /   1053
   407 /   1053
   408 /   1053
   409 /   1053
   410 /   1053
   411 /   1053
   412 /   1053
   413 /   1053
   414 /   1053
   415 /   1053
   416 /   1053
   417 /   1053
   418 /   1053
   419 /   1053
   420 /   1053
   421 /   1053
   422 /   1053
   423 /   1053
   424 /   1053
   425 /   1053
   426 /   1053
   427 /   1053
   428 /   1053
   429 /   1053
   430 /   1053
   431 /   1053
   432 /   1053
   433 /   1053
   434 /   1053
   435 /   1053
   436 /   1053
   437 /   1053
   438 /   1053
   439 /   1053
   440 /   1053
   441 /   1053
   442 /   1053
   443 /   1053
   444 /   1053
   445 /   1053
   446 /   1053
   447 /   1053
   448 /   1053
   449 /   1053
   450 /   1053
   451 /   1053
   452 /   1053
   453 /   1053
   454 /   1053
   455 /   1053
   456 /   1053
   457 /   1053
   458 /   1053
   459 /   1053
   460 /   1053
   461 /   1053
   462 /   1053
   463 /   1053
   464 /   1053
   465 /   1053
   466 /   1053
   467 /   1053
   468 /   1053
   469 /   1053
   470 /   1053
   471 /   1053
   472 /   1053
   473 /   1053
   474 /   1053
   475 /   1053
   476 /   1053
   477 /   1053
   478 /   1053
   479 /   1053
   480 /   1053
   481 /   1053
   482 /   1053
   483 /   1053
   484 /   1053
   485 /   1053
   486 /   1053
   487 /   1053
   488 /   1053
   489 /   1053
   490 /   1053
   491 /   1053
   492 /   1053
   493 /   1053
   494 /   1053
   495 /   1053
   496 /   1053
   497 /   1053
   498 /   1053
   499 /   1053
   500 /   1053
   501 /   1053
   502 /   1053
   503 /   1053
   504 /   1053
   505 /   1053
   506 /   1053
   507 /   1053
   508 /   1053
   509 /   1053
   510 /   1053
   511 /   1053
   512 /   1053
   513 /   1053
   514 /   1053
   515 /   1053
   516 /   1053
   517 /   1053
   518 /   1053
   519 /   1053
   520 /   1053
   521 /   1053
   522 /   1053
   523 /   1053
   524 /   1053
   525 /   1053
   526 /   1053
   527 /   1053
   528 /   1053
   529 /   1053
   530 /   1053
   531 /   1053
   532 /   1053
   533 /   1053
   534 /   1053
   535 /   1053
   536 /   1053
   537 /   1053
   538 /   1053
   539 /   1053
   540 /   1053
   541 /   1053
   542 /   1053
   543 /   1053
   544 /   1053
   545 /   1053
   546 /   1053
   547 /   1053
   548 /   1053
   549 /   1053
   550 /   1053
   551 /   1053
   552 /   1053
   553 /   1053
   554 /   1053
   555 /   1053
   556 /   1053
   557 /   1053
   558 /   1053
   559 /   1053
   560 /   1053
   561 /   1053
   562 /   1053
   563 /   1053
   564 /   1053
   565 /   1053
   566 /   1053
   567 /   1053
   568 /   1053
   569 /   1053
   570 /   1053
   571 /   1053
   572 /   1053
   573 /   1053
   574 /   1053
   575 /   1053
   576 /   1053
   577 /   1053
   578 /   1053
   579 /   1053
   580 /   1053
   581 /   1053
   582 /   1053
   583 /   1053
   584 /   1053
   585 /   1053
   586 /   1053
   587 /   1053
   588 /   1053
   589 /   1053
   590 /   1053
   591 /   1053
   592 /   1053
   593 /   1053
   594 /   1053
   595 /   1053
   596 /   1053
   597 /   1053
   598 /   1053
   599 /   1053
   600 /   1053
   601 /   1053
   602 /   1053
   603 /   1053
   604 /   1053
   605 /   1053
   606 /   1053
   607 /   1053
   608 /   1053
   609 /   1053
   610 /   1053
   611 /   1053
   612 /   1053
   613 /   1053
   614 /   1053
   615 /   1053
   616 /   1053
   617 /   1053
   618 /   1053
   619 /   1053
   620 /   1053
   621 /   1053
   622 /   1053
   623 /   1053
   624 /   1053
   625 /   1053
   626 /   1053
   627 /   1053
   628 /   1053
   629 /   1053
   630 /   1053
   631 /   1053
   632 /   1053
   633 /   1053
   634 /   1053
   635 /   1053
   636 /   1053
   637 /   1053
   638 /   1053
   639 /   1053
   640 /   1053
   641 /   1053
   642 /   1053
   643 /   1053
   644 /   1053
   645 /   1053
   646 /   1053
   647 /   1053
   648 /   1053
   649 /   1053
   650 /   1053
   651 /   1053
   652 /   1053
   653 /   1053
   654 /   1053
   655 /   1053
   656 /   1053
   657 /   1053
   658 /   1053
   659 /   1053
   660 /   1053
   661 /   1053
   662 /   1053
   663 /   1053
   664 /   1053
   665 /   1053
   666 /   1053
   667 /   1053
   668 /   1053
   669 /   1053
   670 /   1053
   671 /   1053
   672 /   1053
   673 /   1053
   674 /   1053
   675 /   1053
   676 /   1053
   677 /   1053
   678 /   1053
   679 /   1053
   680 /   1053
   681 /   1053
   682 /   1053
   683 /   1053
   684 /   1053
   685 /   1053
   686 /   1053
   687 /   1053
   688 /   1053
   689 /   1053
   690 /   1053
   691 /   1053
   692 /   1053
   693 /   1053
   694 /   1053
   695 /   1053
   696 /   1053
   697 /   1053
   698 /   1053
   699 /   1053
   700 /   1053
   701 /   1053
   702 /   1053
   703 /   1053
   704 /   1053
   705 /   1053
   706 /   1053
   707 /   1053
   708 /   1053
   709 /   1053
   710 /   1053
   711 /   1053
   712 /   1053
   713 /   1053
   714 /   1053
   715 /   1053
   716 /   1053
   717 /   1053
   718 /   1053
   719 /   1053
   720 /   1053
   721 /   1053
   722 /   1053
   723 /   1053
   724 /   1053
   725 /   1053
   726 /   1053
   727 /   1053
   728 /   1053
   729 /   1053
   730 /   1053
   731 /   1053
   732 /   1053
   733 /   1053
   734 /   1053
   735 /   1053
   736 /   1053
   737 /   1053
   738 /   1053
   739 /   1053
   740 /   1053
   741 /   1053
   742 /   1053
   743 /   1053
   744 /   1053
   745 /   1053
   746 /   1053
   747 /   1053
   748 /   1053
   749 /   1053
   750 /   1053
   751 /   1053
   752 /   1053
   753 /   1053
   754 /   1053
   755 /   1053
   756 /   1053
   757 /   1053
   758 /   1053
   759 /   1053
   760 /   1053
   761 /   1053
   762 /   1053
   763 /   1053
   764 /   1053
   765 /   1053
   766 /   1053
   767 /   1053
   768 /   1053
   769 /   1053
   770 /   1053
   771 /   1053
   772 /   1053
   773 /   1053
   774 /   1053
   775 /   1053
   776 /   1053
   777 /   1053
   778 /   1053
   779 /   1053
   780 /   1053
   781 /   1053
   782 /   1053
   783 /   1053
   784 /   1053
   785 /   1053
   786 /   1053
   787 /   1053
   788 /   1053
   789 /   1053
   790 /   1053
   791 /   1053
   792 /   1053
   793 /   1053
   794 /   1053
   795 /   1053
   796 /   1053
   797 /   1053
   798 /   1053
   799 /   1053
   800 /   1053
   801 /   1053
   802 /   1053
   803 /   1053
   804 /   1053
   805 /   1053
   806 /   1053
   807 /   1053
   808 /   1053
   809 /   1053
   810 /   1053
   811 /   1053
   812 /   1053
   813 /   1053
   814 /   1053
   815 /   1053
   816 /   1053
   817 /   1053
   818 /   1053
   819 /   1053
   820 /   1053
   821 /   1053
   822 /   1053
   823 /   1053
   824 /   1053
   825 /   1053
   826 /   1053
   827 /   1053
   828 /   1053
   829 /   1053
   830 /   1053
   831 /   1053
   832 /   1053
   833 /   1053
   834 /   1053
   835 /   1053
   836 /   1053
   837 /   1053
   838 /   1053
   839 /   1053
   840 /   1053
   841 /   1053
   842 /   1053
   843 /   1053
   844 /   1053
   845 /   1053
   846 /   1053
   847 /   1053
   848 /   1053
   849 /   1053
   850 /   1053
   851 /   1053
   852 /   1053
   853 /   1053
   854 /   1053
   855 /   1053
   856 /   1053
   857 /   1053
   858 /   1053
   859 /   1053
   860 /   1053
   861 /   1053
   862 /   1053
   863 /   1053
   864 /   1053
   865 /   1053
   866 /   1053
   867 /   1053
   868 /   1053
   869 /   1053
   870 /   1053
   871 /   1053
   872 /   1053
   873 /   1053
   874 /   1053
   875 /   1053
   876 /   1053
   877 /   1053
   878 /   1053
   879 /   1053
   880 /   1053
   881 /   1053
   882 /   1053
   883 /   1053
   884 /   1053
   885 /   1053
   886 /   1053
   887 /   1053
   888 /   1053
   889 /   1053
   890 /   1053
   891 /   1053
   892 /   1053
   893 /   1053
   894 /   1053
   895 /   1053
   896 /   1053
   897 /   1053
   898 /   1053
   899 /   1053
   900 /   1053
   901 /   1053
   902 /   1053
   903 /   1053
   904 /   1053
   905 /   1053
   906 /   1053
   907 /   1053
   908 /   1053
   909 /   1053
   910 /   1053
   911 /   1053
   912 /   1053
   913 /   1053
   914 /   1053
   915 /   1053
   916 /   1053
   917 /   1053
   918 /   1053
   919 /   1053
   920 /   1053
   921 /   1053
   922 /   1053
   923 /   1053
   924 /   1053
   925 /   1053
   926 /   1053
   927 /   1053
   928 /   1053
   929 /   1053
   930 /   1053
   931 /   1053
   932 /   1053
   933 /   1053
   934 /   1053
   935 /   1053
   936 /   1053
   937 /   1053
   938 /   1053
   939 /   1053
   940 /   1053
   941 /   1053
   942 /   1053
   943 /   1053
   944 /   1053
   945 /   1053
   946 /   1053
   947 /   1053
   948 /   1053
   949 /   1053
   950 /   1053
   951 /   1053
   952 /   1053
   953 /   1053
   954 /   1053
   955 /   1053
   956 /   1053
   957 /   1053
   958 /   1053
   959 /   1053
   960 /   1053
   961 /   1053
   962 /   1053
   963 /   1053
   964 /   1053
   965 /   1053
   966 /   1053
   967 /   1053
   968 /   1053
   969 /   1053
   970 /   1053
   971 /   1053
   972 /   1053
   973 /   1053
   974 /   1053
   975 /   1053
   976 /   1053
   977 /   1053
   978 /   1053
   979 /   1053
   980 /   1053
   981 /   1053
   982 /   1053
   983 /   1053
   984 /   1053
   985 /   1053
   986 /   1053
   987 /   1053
   988 /   1053
   989 /   1053
   990 /   1053
   991 /   1053
   992 /   1053
   993 /   1053
   994 /   1053
   995 /   1053
   996 /   1053
   997 /   1053
   998 /   1053
   999 /   1053
  1000 /   1053
  1001 /   1053
  1002 /   1053
  1003 /   1053
  1004 /   1053
  1005 /   1053
  1006 /   1053
  1007 /   1053
  1008 /   1053
  1009 /   1053
  1010 /   1053
  1011 /   1053
  1012 /   1053
  1013 /   1053
  1014 /   1053
  1015 /   1053
  1016 /   1053
  1017 /   1053
  1018 /   1053
  1019 /   1053
  1020 /   1053
  1021 /   1053
  1022 /   1053
  1023 /   1053
  1024 /   1053
  1025 /   1053
  1026 /   1053
  1027 /   1053
  1028 /   1053
  1029 /   1053
  1030 /   1053
  1031 /   1053
  1032 /   1053
  1033 /   1053
  1034 /   1053
  1035 /   1053
  1036 /   1053
  1037 /   1053
  1038 /   1053
  1039 /   1053
  1040 /   1053
  1041 /   1053
  1042 /   1053
  1043 /   1053
  1044 /   1053
  1045 /   1053
  1046 /   1053
  1047 /   1053
  1048 /   1053
  1049 /   1053
  1050 /   1053
  1051 /   1053
  1052 /   1053
  1053 /   1053
Music saved at: output/music.wav

2025-07-09 11:25:53,978 - ERROR - STDERR:
WARNING[XFORMERS]: xFormers can't load C++/CUDA extensions. xFormers was built for:
    PyTorch 2.1.0+cu121 with CUDA 1201 (you have 2.1.0+cpu)
    Python  3.9.13 (you have 3.9.13)
  Please reinstall xformers (see https://github.com/facebookresearch/xformers#installing-xformers)
  Memory-efficient attention, SwiGLU, sparse and more won't be available.
  Set XFORMERS_MORE_DETAILS=1 for more details
C:\Users\SNEH\Desktop\AI MUSIC\sound\audiocraft_env\lib\site-packages\torch\nn\utils\weight_norm.py:30: UserWarning: torch.nn.utils.weight_norm is deprecated in favor of torch.nn.utils.parametrizations.weight_norm.
  warnings.warn("torch.nn.utils.weight_norm is deprecated in favor of torch.nn.utils.parametrizations.weight_norm.")

2025-07-09 11:25:53,978 - INFO - Music generation completed
2025-07-09 11:25:53,978 - INFO - Mixing voice and music...
2025-07-09 11:25:55,399 - INFO - \u2705 Song mixed successfully
2025-07-09 11:25:55,525 - INFO - 127.0.0.1 - - [09/Jul/2025 11:25:55] "POST /generate HTTP/1.1" 200 -
2025-07-09 11:26:01,606 - INFO - 127.0.0.1 - - [09/Jul/2025 11:26:01] "[33mGET /static/static\\final_song.mp3 HTTP/1.1[0m" 404 -
2025-07-09 11:27:49,149 - INFO - 127.0.0.1 - - [09/Jul/2025 11:27:49] "GET / HTTP/1.1" 200 -
2025-07-09 12:38:28,192 - INFO - Tuning music for genre: pop
2025-07-09 12:38:35,675 - INFO - Voice tempo: 127.84 | Music tempo: 144.23
2025-07-09 12:38:37,408 - INFO - \u2705 Final tuned mix exported: output/final_mix.wav
2025-07-09 12:38:37,661 - INFO - [31m[1mWARNING: This is a development server. Do not use it in a production deployment. Use a production WSGI server instead.[0m
 * Running on http://127.0.0.1:5000
2025-07-09 12:38:37,661 - INFO - [33mPress CTRL+C to quit[0m
2025-07-09 12:38:37,669 - INFO -  * Restarting with stat
2025-07-09 12:38:37,947 - INFO - Tuning music for genre: pop
2025-07-09 12:38:43,463 - INFO - Voice tempo: 127.84 | Music tempo: 144.23
2025-07-09 12:38:44,493 - INFO - \u2705 Final tuned mix exported: output/final_mix.wav
2025-07-09 12:38:44,650 - WARNING -  * Debugger is active!
2025-07-09 12:38:44,652 - INFO -  * Debugger PIN: 133-803-107
2025-07-09 12:38:44,757 - INFO - 127.0.0.1 - - [09/Jul/2025 12:38:44] "GET / HTTP/1.1" 200 -
2025-07-09 12:38:44,767 - INFO - 127.0.0.1 - - [09/Jul/2025 12:38:44] "GET / HTTP/1.1" 200 -
2025-07-09 12:38:45,211 - INFO - 127.0.0.1 - - [09/Jul/2025 12:38:45] "[33mGET /favicon.ico HTTP/1.1[0m" 404 -
2025-07-09 12:39:01,076 - INFO - 127.0.0.1 - - [09/Jul/2025 12:39:01] "GET / HTTP/1.1" 200 -
2025-07-09 12:39:32,961 - INFO -  * Detected change in 'c:\\Users\\SNEH\\Desktop\\AI MUSIC\\run.py', reloading
2025-07-09 12:39:33,637 - INFO -  * Restarting with stat
2025-07-09 12:39:34,173 - WARNING -  * Debugger is active!
2025-07-09 12:39:34,177 - INFO -  * Debugger PIN: 133-803-107
2025-07-09 12:39:37,897 - INFO - [31m[1mWARNING: This is a development server. Do not use it in a production deployment. Use a production WSGI server instead.[0m
 * Running on http://127.0.0.1:5000
2025-07-09 12:39:37,897 - INFO - [33mPress CTRL+C to quit[0m
2025-07-09 12:39:37,900 - INFO -  * Restarting with stat
2025-07-09 12:39:38,524 - WARNING -  * Debugger is active!
2025-07-09 12:39:38,524 - INFO -  * Debugger PIN: 133-803-107
2025-07-09 12:39:48,107 - INFO - 127.0.0.1 - - [09/Jul/2025 12:39:48] "GET / HTTP/1.1" 200 -
2025-07-09 12:40:22,553 - INFO - Starting generation for: energetic song
2025-07-09 12:40:22,553 - INFO - Genre: electronic, Mood: energetic
2025-07-09 12:40:22,553 - INFO - Using existing audio: True
2025-07-09 12:40:22,596 - INFO - Using uploaded audio file: output\voice.wav
2025-07-09 12:40:22,596 - INFO - Starting music generation...
2025-07-09 12:40:22,596 - INFO - Running: sound\audiocraft_env\Scripts\python sound\main.py
2025-07-09 12:43:19,461 - INFO - STDOUT:
     1 /   1053
     2 /   1053
     3 /   1053
     4 /   1053
     5 /   1053
     6 /   1053
     7 /   1053
     8 /   1053
     9 /   1053
    10 /   1053
    11 /   1053
    12 /   1053
    13 /   1053
    14 /   1053
    15 /   1053
    16 /   1053
    17 /   1053
    18 /   1053
    19 /   1053
    20 /   1053
    21 /   1053
    22 /   1053
    23 /   1053
    24 /   1053
    25 /   1053
    26 /   1053
    27 /   1053
    28 /   1053
    29 /   1053
    30 /   1053
    31 /   1053
    32 /   1053
    33 /   1053
    34 /   1053
    35 /   1053
    36 /   1053
    37 /   1053
    38 /   1053
    39 /   1053
    40 /   1053
    41 /   1053
    42 /   1053
    43 /   1053
    44 /   1053
    45 /   1053
    46 /   1053
    47 /   1053
    48 /   1053
    49 /   1053
    50 /   1053
    51 /   1053
    52 /   1053
    53 /   1053
    54 /   1053
    55 /   1053
    56 /   1053
    57 /   1053
    58 /   1053
    59 /   1053
    60 /   1053
    61 /   1053
    62 /   1053
    63 /   1053
    64 /   1053
    65 /   1053
    66 /   1053
    67 /   1053
    68 /   1053
    69 /   1053
    70 /   1053
    71 /   1053
    72 /   1053
    73 /   1053
    74 /   1053
    75 /   1053
    76 /   1053
    77 /   1053
    78 /   1053
    79 /   1053
    80 /   1053
    81 /   1053
    82 /   1053
    83 /   1053
    84 /   1053
    85 /   1053
    86 /   1053
    87 /   1053
    88 /   1053
    89 /   1053
    90 /   1053
    91 /   1053
    92 /   1053
    93 /   1053
    94 /   1053
    95 /   1053
    96 /   1053
    97 /   1053
    98 /   1053
    99 /   1053
   100 /   1053
   101 /   1053
   102 /   1053
   103 /   1053
   104 /   1053
   105 /   1053
   106 /   1053
   107 /   1053
   108 /   1053
   109 /   1053
   110 /   1053
   111 /   1053
   112 /   1053
   113 /   1053
   114 /   1053
   115 /   1053
   116 /   1053
   117 /   1053
   118 /   1053
   119 /   1053
   120 /   1053
   121 /   1053
   122 /   1053
   123 /   1053
   124 /   1053
   125 /   1053
   126 /   1053
   127 /   1053
   128 /   1053
   129 /   1053
   130 /   1053
   131 /   1053
   132 /   1053
   133 /   1053
   134 /   1053
   135 /   1053
   136 /   1053
   137 /   1053
   138 /   1053
   139 /   1053
   140 /   1053
   141 /   1053
   142 /   1053
   143 /   1053
   144 /   1053
   145 /   1053
   146 /   1053
   147 /   1053
   148 /   1053
   149 /   1053
   150 /   1053
   151 /   1053
   152 /   1053
   153 /   1053
   154 /   1053
   155 /   1053
   156 /   1053
   157 /   1053
   158 /   1053
   159 /   1053
   160 /   1053
   161 /   1053
   162 /   1053
   163 /   1053
   164 /   1053
   165 /   1053
   166 /   1053
   167 /   1053
   168 /   1053
   169 /   1053
   170 /   1053
   171 /   1053
   172 /   1053
   173 /   1053
   174 /   1053
   175 /   1053
   176 /   1053
   177 /   1053
   178 /   1053
   179 /   1053
   180 /   1053
   181 /   1053
   182 /   1053
   183 /   1053
   184 /   1053
   185 /   1053
   186 /   1053
   187 /   1053
   188 /   1053
   189 /   1053
   190 /   1053
   191 /   1053
   192 /   1053
   193 /   1053
   194 /   1053
   195 /   1053
   196 /   1053
   197 /   1053
   198 /   1053
   199 /   1053
   200 /   1053
   201 /   1053
   202 /   1053
   203 /   1053
   204 /   1053
   205 /   1053
   206 /   1053
   207 /   1053
   208 /   1053
   209 /   1053
   210 /   1053
   211 /   1053
   212 /   1053
   213 /   1053
   214 /   1053
   215 /   1053
   216 /   1053
   217 /   1053
   218 /   1053
   219 /   1053
   220 /   1053
   221 /   1053
   222 /   1053
   223 /   1053
   224 /   1053
   225 /   1053
   226 /   1053
   227 /   1053
   228 /   1053
   229 /   1053
   230 /   1053
   231 /   1053
   232 /   1053
   233 /   1053
   234 /   1053
   235 /   1053
   236 /   1053
   237 /   1053
   238 /   1053
   239 /   1053
   240 /   1053
   241 /   1053
   242 /   1053
   243 /   1053
   244 /   1053
   245 /   1053
   246 /   1053
   247 /   1053
   248 /   1053
   249 /   1053
   250 /   1053
   251 /   1053
   252 /   1053
   253 /   1053
   254 /   1053
   255 /   1053
   256 /   1053
   257 /   1053
   258 /   1053
   259 /   1053
   260 /   1053
   261 /   1053
   262 /   1053
   263 /   1053
   264 /   1053
   265 /   1053
   266 /   1053
   267 /   1053
   268 /   1053
   269 /   1053
   270 /   1053
   271 /   1053
   272 /   1053
   273 /   1053
   274 /   1053
   275 /   1053
   276 /   1053
   277 /   1053
   278 /   1053
   279 /   1053
   280 /   1053
   281 /   1053
   282 /   1053
   283 /   1053
   284 /   1053
   285 /   1053
   286 /   1053
   287 /   1053
   288 /   1053
   289 /   1053
   290 /   1053
   291 /   1053
   292 /   1053
   293 /   1053
   294 /   1053
   295 /   1053
   296 /   1053
   297 /   1053
   298 /   1053
   299 /   1053
   300 /   1053
   301 /   1053
   302 /   1053
   303 /   1053
   304 /   1053
   305 /   1053
   306 /   1053
   307 /   1053
   308 /   1053
   309 /   1053
   310 /   1053
   311 /   1053
   312 /   1053
   313 /   1053
   314 /   1053
   315 /   1053
   316 /   1053
   317 /   1053
   318 /   1053
   319 /   1053
   320 /   1053
   321 /   1053
   322 /   1053
   323 /   1053
   324 /   1053
   325 /   1053
   326 /   1053
   327 /   1053
   328 /   1053
   329 /   1053
   330 /   1053
   331 /   1053
   332 /   1053
   333 /   1053
   334 /   1053
   335 /   1053
   336 /   1053
   337 /   1053
   338 /   1053
   339 /   1053
   340 /   1053
   341 /   1053
   342 /   1053
   343 /   1053
   344 /   1053
   345 /   1053
   346 /   1053
   347 /   1053
   348 /   1053
   349 /   1053
   350 /   1053
   351 /   1053
   352 /   1053
   353 /   1053
   354 /   1053
   355 /   1053
   356 /   1053
   357 /   1053
   358 /   1053
   359 /   1053
   360 /   1053
   361 /   1053
   362 /   1053
   363 /   1053
   364 /   1053
   365 /   1053
   366 /   1053
   367 /   1053
   368 /   1053
   369 /   1053
   370 /   1053
   371 /   1053
   372 /   1053
   373 /   1053
   374 /   1053
   375 /   1053
   376 /   1053
   377 /   1053
   378 /   1053
   379 /   1053
   380 /   1053
   381 /   1053
   382 /   1053
   383 /   1053
   384 /   1053
   385 /   1053
   386 /   1053
   387 /   1053
   388 /   1053
   389 /   1053
   390 /   1053
   391 /   1053
   392 /   1053
   393 /   1053
   394 /   1053
   395 /   1053
   396 /   1053
   397 /   1053
   398 /   1053
   399 /   1053
   400 /   1053
   401 /   1053
   402 /   1053
   403 /   1053
   404 /   1053
   405 /   1053
   406 /   1053
   407 /   1053
   408 /   1053
   409 /   1053
   410 /   1053
   411 /   1053
   412 /   1053
   413 /   1053
   414 /   1053
   415 /   1053
   416 /   1053
   417 /   1053
   418 /   1053
   419 /   1053
   420 /   1053
   421 /   1053
   422 /   1053
   423 /   1053
   424 /   1053
   425 /   1053
   426 /   1053
   427 /   1053
   428 /   1053
   429 /   1053
   430 /   1053
   431 /   1053
   432 /   1053
   433 /   1053
   434 /   1053
   435 /   1053
   436 /   1053
   437 /   1053
   438 /   1053
   439 /   1053
   440 /   1053
   441 /   1053
   442 /   1053
   443 /   1053
   444 /   1053
   445 /   1053
   446 /   1053
   447 /   1053
   448 /   1053
   449 /   1053
   450 /   1053
   451 /   1053
   452 /   1053
   453 /   1053
   454 /   1053
   455 /   1053
   456 /   1053
   457 /   1053
   458 /   1053
   459 /   1053
   460 /   1053
   461 /   1053
   462 /   1053
   463 /   1053
   464 /   1053
   465 /   1053
   466 /   1053
   467 /   1053
   468 /   1053
   469 /   1053
   470 /   1053
   471 /   1053
   472 /   1053
   473 /   1053
   474 /   1053
   475 /   1053
   476 /   1053
   477 /   1053
   478 /   1053
   479 /   1053
   480 /   1053
   481 /   1053
   482 /   1053
   483 /   1053
   484 /   1053
   485 /   1053
   486 /   1053
   487 /   1053
   488 /   1053
   489 /   1053
   490 /   1053
   491 /   1053
   492 /   1053
   493 /   1053
   494 /   1053
   495 /   1053
   496 /   1053
   497 /   1053
   498 /   1053
   499 /   1053
   500 /   1053
   501 /   1053
   502 /   1053
   503 /   1053
   504 /   1053
   505 /   1053
   506 /   1053
   507 /   1053
   508 /   1053
   509 /   1053
   510 /   1053
   511 /   1053
   512 /   1053
   513 /   1053
   514 /   1053
   515 /   1053
   516 /   1053
   517 /   1053
   518 /   1053
   519 /   1053
   520 /   1053
   521 /   1053
   522 /   1053
   523 /   1053
   524 /   1053
   525 /   1053
   526 /   1053
   527 /   1053
   528 /   1053
   529 /   1053
   530 /   1053
   531 /   1053
   532 /   1053
   533 /   1053
   534 /   1053
   535 /   1053
   536 /   1053
   537 /   1053
   538 /   1053
   539 /   1053
   540 /   1053
   541 /   1053
   542 /   1053
   543 /   1053
   544 /   1053
   545 /   1053
   546 /   1053
   547 /   1053
   548 /   1053
   549 /   1053
   550 /   1053
   551 /   1053
   552 /   1053
   553 /   1053
   554 /   1053
   555 /   1053
   556 /   1053
   557 /   1053
   558 /   1053
   559 /   1053
   560 /   1053
   561 /   1053
   562 /   1053
   563 /   1053
   564 /   1053
   565 /   1053
   566 /   1053
   567 /   1053
   568 /   1053
   569 /   1053
   570 /   1053
   571 /   1053
   572 /   1053
   573 /   1053
   574 /   1053
   575 /   1053
   576 /   1053
   577 /   1053
   578 /   1053
   579 /   1053
   580 /   1053
   581 /   1053
   582 /   1053
   583 /   1053
   584 /   1053
   585 /   1053
   586 /   1053
   587 /   1053
   588 /   1053
   589 /   1053
   590 /   1053
   591 /   1053
   592 /   1053
   593 /   1053
   594 /   1053
   595 /   1053
   596 /   1053
   597 /   1053
   598 /   1053
   599 /   1053
   600 /   1053
   601 /   1053
   602 /   1053
   603 /   1053
   604 /   1053
   605 /   1053
   606 /   1053
   607 /   1053
   608 /   1053
   609 /   1053
   610 /   1053
   611 /   1053
   612 /   1053
   613 /   1053
   614 /   1053
   615 /   1053
   616 /   1053
   617 /   1053
   618 /   1053
   619 /   1053
   620 /   1053
   621 /   1053
   622 /   1053
   623 /   1053
   624 /   1053
   625 /   1053
   626 /   1053
   627 /   1053
   628 /   1053
   629 /   1053
   630 /   1053
   631 /   1053
   632 /   1053
   633 /   1053
   634 /   1053
   635 /   1053
   636 /   1053
   637 /   1053
   638 /   1053
   639 /   1053
   640 /   1053
   641 /   1053
   642 /   1053
   643 /   1053
   644 /   1053
   645 /   1053
   646 /   1053
   647 /   1053
   648 /   1053
   649 /   1053
   650 /   1053
   651 /   1053
   652 /   1053
   653 /   1053
   654 /   1053
   655 /   1053
   656 /   1053
   657 /   1053
   658 /   1053
   659 /   1053
   660 /   1053
   661 /   1053
   662 /   1053
   663 /   1053
   664 /   1053
   665 /   1053
   666 /   1053
   667 /   1053
   668 /   1053
   669 /   1053
   670 /   1053
   671 /   1053
   672 /   1053
   673 /   1053
   674 /   1053
   675 /   1053
   676 /   1053
   677 /   1053
   678 /   1053
   679 /   1053
   680 /   1053
   681 /   1053
   682 /   1053
   683 /   1053
   684 /   1053
   685 /   1053
   686 /   1053
   687 /   1053
   688 /   1053
   689 /   1053
   690 /   1053
   691 /   1053
   692 /   1053
   693 /   1053
   694 /   1053
   695 /   1053
   696 /   1053
   697 /   1053
   698 /   1053
   699 /   1053
   700 /   1053
   701 /   1053
   702 /   1053
   703 /   1053
   704 /   1053
   705 /   1053
   706 /   1053
   707 /   1053
   708 /   1053
   709 /   1053
   710 /   1053
   711 /   1053
   712 /   1053
   713 /   1053
   714 /   1053
   715 /   1053
   716 /   1053
   717 /   1053
   718 /   1053
   719 /   1053
   720 /   1053
   721 /   1053
   722 /   1053
   723 /   1053
   724 /   1053
   725 /   1053
   726 /   1053
   727 /   1053
   728 /   1053
   729 /   1053
   730 /   1053
   731 /   1053
   732 /   1053
   733 /   1053
   734 /   1053
   735 /   1053
   736 /   1053
   737 /   1053
   738 /   1053
   739 /   1053
   740 /   1053
   741 /   1053
   742 /   1053
   743 /   1053
   744 /   1053
   745 /   1053
   746 /   1053
   747 /   1053
   748 /   1053
   749 /   1053
   750 /   1053
   751 /   1053
   752 /   1053
   753 /   1053
   754 /   1053
   755 /   1053
   756 /   1053
   757 /   1053
   758 /   1053
   759 /   1053
   760 /   1053
   761 /   1053
   762 /   1053
   763 /   1053
   764 /   1053
   765 /   1053
   766 /   1053
   767 /   1053
   768 /   1053
   769 /   1053
   770 /   1053
   771 /   1053
   772 /   1053
   773 /   1053
   774 /   1053
   775 /   1053
   776 /   1053
   777 /   1053
   778 /   1053
   779 /   1053
   780 /   1053
   781 /   1053
   782 /   1053
   783 /   1053
   784 /   1053
   785 /   1053
   786 /   1053
   787 /   1053
   788 /   1053
   789 /   1053
   790 /   1053
   791 /   1053
   792 /   1053
   793 /   1053
   794 /   1053
   795 /   1053
   796 /   1053
   797 /   1053
   798 /   1053
   799 /   1053
   800 /   1053
   801 /   1053
   802 /   1053
   803 /   1053
   804 /   1053
   805 /   1053
   806 /   1053
   807 /   1053
   808 /   1053
   809 /   1053
   810 /   1053
   811 /   1053
   812 /   1053
   813 /   1053
   814 /   1053
   815 /   1053
   816 /   1053
   817 /   1053
   818 /   1053
   819 /   1053
   820 /   1053
   821 /   1053
   822 /   1053
   823 /   1053
   824 /   1053
   825 /   1053
   826 /   1053
   827 /   1053
   828 /   1053
   829 /   1053
   830 /   1053
   831 /   1053
   832 /   1053
   833 /   1053
   834 /   1053
   835 /   1053
   836 /   1053
   837 /   1053
   838 /   1053
   839 /   1053
   840 /   1053
   841 /   1053
   842 /   1053
   843 /   1053
   844 /   1053
   845 /   1053
   846 /   1053
   847 /   1053
   848 /   1053
   849 /   1053
   850 /   1053
   851 /   1053
   852 /   1053
   853 /   1053
   854 /   1053
   855 /   1053
   856 /   1053
   857 /   1053
   858 /   1053
   859 /   1053
   860 /   1053
   861 /   1053
   862 /   1053
   863 /   1053
   864 /   1053
   865 /   1053
   866 /   1053
   867 /   1053
   868 /   1053
   869 /   1053
   870 /   1053
   871 /   1053
   872 /   1053
   873 /   1053
   874 /   1053
   875 /   1053
   876 /   1053
   877 /   1053
   878 /   1053
   879 /   1053
   880 /   1053
   881 /   1053
   882 /   1053
   883 /   1053
   884 /   1053
   885 /   1053
   886 /   1053
   887 /   1053
   888 /   1053
   889 /   1053
   890 /   1053
   891 /   1053
   892 /   1053
   893 /   1053
   894 /   1053
   895 /   1053
   896 /   1053
   897 /   1053
   898 /   1053
   899 /   1053
   900 /   1053
   901 /   1053
   902 /   1053
   903 /   1053
   904 /   1053
   905 /   1053
   906 /   1053
   907 /   1053
   908 /   1053
   909 /   1053
   910 /   1053
   911 /   1053
   912 /   1053
   913 /   1053
   914 /   1053
   915 /   1053
   916 /   1053
   917 /   1053
   918 /   1053
   919 /   1053
   920 /   1053
   921 /   1053
   922 /   1053
   923 /   1053
   924 /   1053
   925 /   1053
   926 /   1053
   927 /   1053
   928 /   1053
   929 /   1053
   930 /   1053
   931 /   1053
   932 /   1053
   933 /   1053
   934 /   1053
   935 /   1053
   936 /   1053
   937 /   1053
   938 /   1053
   939 /   1053
   940 /   1053
   941 /   1053
   942 /   1053
   943 /   1053
   944 /   1053
   945 /   1053
   946 /   1053
   947 /   1053
   948 /   1053
   949 /   1053
   950 /   1053
   951 /   1053
   952 /   1053
   953 /   1053
   954 /   1053
   955 /   1053
   956 /   1053
   957 /   1053
   958 /   1053
   959 /   1053
   960 /   1053
   961 /   1053
   962 /   1053
   963 /   1053
   964 /   1053
   965 /   1053
   966 /   1053
   967 /   1053
   968 /   1053
   969 /   1053
   970 /   1053
   971 /   1053
   972 /   1053
   973 /   1053
   974 /   1053
   975 /   1053
   976 /   1053
   977 /   1053
   978 /   1053
   979 /   1053
   980 /   1053
   981 /   1053
   982 /   1053
   983 /   1053
   984 /   1053
   985 /   1053
   986 /   1053
   987 /   1053
   988 /   1053
   989 /   1053
   990 /   1053
   991 /   1053
   992 /   1053
   993 /   1053
   994 /   1053
   995 /   1053
   996 /   1053
   997 /   1053
   998 /   1053
   999 /   1053
  1000 /   1053
  1001 /   1053
  1002 /   1053
  1003 /   1053
  1004 /   1053
  1005 /   1053
  1006 /   1053
  1007 /   1053
  1008 /   1053
  1009 /   1053
  1010 /   1053
  1011 /   1053
  1012 /   1053
  1013 /   1053
  1014 /   1053
  1015 /   1053
  1016 /   1053
  1017 /   1053
  1018 /   1053
  1019 /   1053
  1020 /   1053
  1021 /   1053
  1022 /   1053
  1023 /   1053
  1024 /   1053
  1025 /   1053
  1026 /   1053
  1027 /   1053
  1028 /   1053
  1029 /   1053
  1030 /   1053
  1031 /   1053
  1032 /   1053
  1033 /   1053
  1034 /   1053
  1035 /   1053
  1036 /   1053
  1037 /   1053
  1038 /   1053
  1039 /   1053
  1040 /   1053
  1041 /   1053
  1042 /   1053
  1043 /   1053
  1044 /   1053
  1045 /   1053
  1046 /   1053
  1047 /   1053
  1048 /   1053
  1049 /   1053
  1050 /   1053
  1051 /   1053
  1052 /   1053
  1053 /   1053
Music saved at: output/music.wav

2025-07-09 12:43:19,461 - ERROR - STDERR:
WARNING[XFORMERS]: xFormers can't load C++/CUDA extensions. xFormers was built for:
    PyTorch 2.1.0+cu121 with CUDA 1201 (you have 2.1.0+cpu)
    Python  3.9.13 (you have 3.9.13)
  Please reinstall xformers (see https://github.com/facebookresearch/xformers#installing-xformers)
  Memory-efficient attention, SwiGLU, sparse and more won't be available.
  Set XFORMERS_MORE_DETAILS=1 for more details
C:\Users\SNEH\Desktop\AI MUSIC\sound\audiocraft_env\lib\site-packages\torch\nn\utils\weight_norm.py:30: UserWarning: torch.nn.utils.weight_norm is deprecated in favor of torch.nn.utils.parametrizations.weight_norm.
  warnings.warn("torch.nn.utils.weight_norm is deprecated in favor of torch.nn.utils.parametrizations.weight_norm.")

2025-07-09 12:43:19,461 - INFO - Music generation completed
2025-07-09 12:43:19,461 - INFO - \U0001f3af Forwarding voice and music to tune_music.py for final tuning...
2025-07-09 12:43:19,872 - INFO - Tuning music for genre: electronic
2025-07-09 12:43:26,627 - INFO - Voice tempo: 127.84 | Music tempo: 138.89
2025-07-09 12:43:28,200 - INFO - \U0001f4ca Voice dBFS: -21.19 | RMS: 2858
2025-07-09 12:43:28,204 - INFO - \U0001f4ca Music dBFS: -14.47 | RMS: 6195
2025-07-09 12:43:28,204 - INFO - \U0001f39b\ufe0f Target dB difference: 5
2025-07-09 12:43:28,204 - INFO - \U0001f39a\ufe0f Current dB difference: -6.72
2025-07-09 12:43:28,204 - INFO - \U0001f50a Applying voice gain adjustment: 11.72 dB
2025-07-09 12:43:28,211 - INFO - \u2705 Adjusted Voice dBFS: -10.08 | RMS: 10263
2025-07-09 12:43:28,222 - INFO - \U0001f3b5 Final Mix dBFS: -9.02 | RMS: 11598
2025-07-09 12:43:28,222 - INFO - \u2705 Final tuned mix exported: output/final_mix.wav
2025-07-09 12:43:28,222 - ERROR - \u274c Music tuning failed.
Traceback (most recent call last):
  File "C:\Users\SNEH\Desktop\AI MUSIC\tune_music.py", line 99, in <module>
    print(f"\u2705 Final tuned mix exported: {final_output}")
  File "C:\Users\SNEH\AppData\Local\Programs\Python\Python311\Lib\encodings\cp1252.py", line 19, in encode
    return codecs.charmap_encode(input,self.errors,encoding_table)[0]
           ^^^^^^^^^^^^^^^^^^^^^^^^^^^^^^^^^^^^^^^^^^^^^^^^^^^^^^^
UnicodeEncodeError: 'charmap' codec can't encode character '\u2705' in position 0: character maps to <undefined>
2025-07-09 12:43:28,843 - INFO - \U0001f3b6 tune_music.py stdout:

2025-07-09 12:43:28,843 - ERROR - \U0001f3b6 tune_music.py stderr:
Traceback (most recent call last):
  File "C:\Users\SNEH\Desktop\AI MUSIC\tune_music.py", line 99, in <module>
    print(f"\u2705 Final tuned mix exported: {final_output}")
  File "C:\Users\SNEH\AppData\Local\Programs\Python\Python311\Lib\encodings\cp1252.py", line 19, in encode
    return codecs.charmap_encode(input,self.errors,encoding_table)[0]
           ^^^^^^^^^^^^^^^^^^^^^^^^^^^^^^^^^^^^^^^^^^^^^^^^^^^^^^^
UnicodeEncodeError: 'charmap' codec can't encode character '\u2705' in position 0: character maps to <undefined>

During handling of the above exception, another exception occurred:

Traceback (most recent call last):
  File "C:\Users\SNEH\Desktop\AI MUSIC\tune_music.py", line 103, in <module>
    print(f"\u274c Music tuning failed: {e}")
  File "C:\Users\SNEH\AppData\Local\Programs\Python\Python311\Lib\encodings\cp1252.py", line 19, in encode
    return codecs.charmap_encode(input,self.errors,encoding_table)[0]
           ^^^^^^^^^^^^^^^^^^^^^^^^^^^^^^^^^^^^^^^^^^^^^^^^^^^^^^^
UnicodeEncodeError: 'charmap' codec can't encode character '\u274c' in position 0: character maps to <undefined>

2025-07-09 12:43:28,843 - ERROR - \u274c tune_music.py failed
2025-07-09 12:43:28,849 - INFO - 127.0.0.1 - - [09/Jul/2025 12:43:28] "[35m[1mPOST /generate HTTP/1.1[0m" 500 -
2025-07-09 12:46:05,622 - INFO - [31m[1mWARNING: This is a development server. Do not use it in a production deployment. Use a production WSGI server instead.[0m
 * Running on http://127.0.0.1:5000
2025-07-09 12:46:05,622 - INFO - [33mPress CTRL+C to quit[0m
2025-07-09 12:46:05,625 - INFO -  * Restarting with stat
2025-07-09 12:46:06,141 - WARNING -  * Debugger is active!
2025-07-09 12:46:06,142 - INFO -  * Debugger PIN: 133-803-107
2025-07-09 12:46:09,280 - INFO - 127.0.0.1 - - [09/Jul/2025 12:46:09] "GET / HTTP/1.1" 200 -
2025-07-09 12:46:23,257 - INFO - Starting generation for: energetic song
2025-07-09 12:46:23,257 - INFO - Genre: pop, Mood: energetic
2025-07-09 12:46:23,257 - INFO - Using existing audio: True
2025-07-09 12:46:23,263 - INFO - Using uploaded audio file: output\voice.wav
2025-07-09 12:46:23,263 - INFO - Starting music generation...
2025-07-09 12:46:23,263 - INFO - Running: sound\audiocraft_env\Scripts\python sound\main.py
2025-07-09 12:49:03,576 - INFO - STDOUT:
     1 /   1053
     2 /   1053
     3 /   1053
     4 /   1053
     5 /   1053
     6 /   1053
     7 /   1053
     8 /   1053
     9 /   1053
    10 /   1053
    11 /   1053
    12 /   1053
    13 /   1053
    14 /   1053
    15 /   1053
    16 /   1053
    17 /   1053
    18 /   1053
    19 /   1053
    20 /   1053
    21 /   1053
    22 /   1053
    23 /   1053
    24 /   1053
    25 /   1053
    26 /   1053
    27 /   1053
    28 /   1053
    29 /   1053
    30 /   1053
    31 /   1053
    32 /   1053
    33 /   1053
    34 /   1053
    35 /   1053
    36 /   1053
    37 /   1053
    38 /   1053
    39 /   1053
    40 /   1053
    41 /   1053
    42 /   1053
    43 /   1053
    44 /   1053
    45 /   1053
    46 /   1053
    47 /   1053
    48 /   1053
    49 /   1053
    50 /   1053
    51 /   1053
    52 /   1053
    53 /   1053
    54 /   1053
    55 /   1053
    56 /   1053
    57 /   1053
    58 /   1053
    59 /   1053
    60 /   1053
    61 /   1053
    62 /   1053
    63 /   1053
    64 /   1053
    65 /   1053
    66 /   1053
    67 /   1053
    68 /   1053
    69 /   1053
    70 /   1053
    71 /   1053
    72 /   1053
    73 /   1053
    74 /   1053
    75 /   1053
    76 /   1053
    77 /   1053
    78 /   1053
    79 /   1053
    80 /   1053
    81 /   1053
    82 /   1053
    83 /   1053
    84 /   1053
    85 /   1053
    86 /   1053
    87 /   1053
    88 /   1053
    89 /   1053
    90 /   1053
    91 /   1053
    92 /   1053
    93 /   1053
    94 /   1053
    95 /   1053
    96 /   1053
    97 /   1053
    98 /   1053
    99 /   1053
   100 /   1053
   101 /   1053
   102 /   1053
   103 /   1053
   104 /   1053
   105 /   1053
   106 /   1053
   107 /   1053
   108 /   1053
   109 /   1053
   110 /   1053
   111 /   1053
   112 /   1053
   113 /   1053
   114 /   1053
   115 /   1053
   116 /   1053
   117 /   1053
   118 /   1053
   119 /   1053
   120 /   1053
   121 /   1053
   122 /   1053
   123 /   1053
   124 /   1053
   125 /   1053
   126 /   1053
   127 /   1053
   128 /   1053
   129 /   1053
   130 /   1053
   131 /   1053
   132 /   1053
   133 /   1053
   134 /   1053
   135 /   1053
   136 /   1053
   137 /   1053
   138 /   1053
   139 /   1053
   140 /   1053
   141 /   1053
   142 /   1053
   143 /   1053
   144 /   1053
   145 /   1053
   146 /   1053
   147 /   1053
   148 /   1053
   149 /   1053
   150 /   1053
   151 /   1053
   152 /   1053
   153 /   1053
   154 /   1053
   155 /   1053
   156 /   1053
   157 /   1053
   158 /   1053
   159 /   1053
   160 /   1053
   161 /   1053
   162 /   1053
   163 /   1053
   164 /   1053
   165 /   1053
   166 /   1053
   167 /   1053
   168 /   1053
   169 /   1053
   170 /   1053
   171 /   1053
   172 /   1053
   173 /   1053
   174 /   1053
   175 /   1053
   176 /   1053
   177 /   1053
   178 /   1053
   179 /   1053
   180 /   1053
   181 /   1053
   182 /   1053
   183 /   1053
   184 /   1053
   185 /   1053
   186 /   1053
   187 /   1053
   188 /   1053
   189 /   1053
   190 /   1053
   191 /   1053
   192 /   1053
   193 /   1053
   194 /   1053
   195 /   1053
   196 /   1053
   197 /   1053
   198 /   1053
   199 /   1053
   200 /   1053
   201 /   1053
   202 /   1053
   203 /   1053
   204 /   1053
   205 /   1053
   206 /   1053
   207 /   1053
   208 /   1053
   209 /   1053
   210 /   1053
   211 /   1053
   212 /   1053
   213 /   1053
   214 /   1053
   215 /   1053
   216 /   1053
   217 /   1053
   218 /   1053
   219 /   1053
   220 /   1053
   221 /   1053
   222 /   1053
   223 /   1053
   224 /   1053
   225 /   1053
   226 /   1053
   227 /   1053
   228 /   1053
   229 /   1053
   230 /   1053
   231 /   1053
   232 /   1053
   233 /   1053
   234 /   1053
   235 /   1053
   236 /   1053
   237 /   1053
   238 /   1053
   239 /   1053
   240 /   1053
   241 /   1053
   242 /   1053
   243 /   1053
   244 /   1053
   245 /   1053
   246 /   1053
   247 /   1053
   248 /   1053
   249 /   1053
   250 /   1053
   251 /   1053
   252 /   1053
   253 /   1053
   254 /   1053
   255 /   1053
   256 /   1053
   257 /   1053
   258 /   1053
   259 /   1053
   260 /   1053
   261 /   1053
   262 /   1053
   263 /   1053
   264 /   1053
   265 /   1053
   266 /   1053
   267 /   1053
   268 /   1053
   269 /   1053
   270 /   1053
   271 /   1053
   272 /   1053
   273 /   1053
   274 /   1053
   275 /   1053
   276 /   1053
   277 /   1053
   278 /   1053
   279 /   1053
   280 /   1053
   281 /   1053
   282 /   1053
   283 /   1053
   284 /   1053
   285 /   1053
   286 /   1053
   287 /   1053
   288 /   1053
   289 /   1053
   290 /   1053
   291 /   1053
   292 /   1053
   293 /   1053
   294 /   1053
   295 /   1053
   296 /   1053
   297 /   1053
   298 /   1053
   299 /   1053
   300 /   1053
   301 /   1053
   302 /   1053
   303 /   1053
   304 /   1053
   305 /   1053
   306 /   1053
   307 /   1053
   308 /   1053
   309 /   1053
   310 /   1053
   311 /   1053
   312 /   1053
   313 /   1053
   314 /   1053
   315 /   1053
   316 /   1053
   317 /   1053
   318 /   1053
   319 /   1053
   320 /   1053
   321 /   1053
   322 /   1053
   323 /   1053
   324 /   1053
   325 /   1053
   326 /   1053
   327 /   1053
   328 /   1053
   329 /   1053
   330 /   1053
   331 /   1053
   332 /   1053
   333 /   1053
   334 /   1053
   335 /   1053
   336 /   1053
   337 /   1053
   338 /   1053
   339 /   1053
   340 /   1053
   341 /   1053
   342 /   1053
   343 /   1053
   344 /   1053
   345 /   1053
   346 /   1053
   347 /   1053
   348 /   1053
   349 /   1053
   350 /   1053
   351 /   1053
   352 /   1053
   353 /   1053
   354 /   1053
   355 /   1053
   356 /   1053
   357 /   1053
   358 /   1053
   359 /   1053
   360 /   1053
   361 /   1053
   362 /   1053
   363 /   1053
   364 /   1053
   365 /   1053
   366 /   1053
   367 /   1053
   368 /   1053
   369 /   1053
   370 /   1053
   371 /   1053
   372 /   1053
   373 /   1053
   374 /   1053
   375 /   1053
   376 /   1053
   377 /   1053
   378 /   1053
   379 /   1053
   380 /   1053
   381 /   1053
   382 /   1053
   383 /   1053
   384 /   1053
   385 /   1053
   386 /   1053
   387 /   1053
   388 /   1053
   389 /   1053
   390 /   1053
   391 /   1053
   392 /   1053
   393 /   1053
   394 /   1053
   395 /   1053
   396 /   1053
   397 /   1053
   398 /   1053
   399 /   1053
   400 /   1053
   401 /   1053
   402 /   1053
   403 /   1053
   404 /   1053
   405 /   1053
   406 /   1053
   407 /   1053
   408 /   1053
   409 /   1053
   410 /   1053
   411 /   1053
   412 /   1053
   413 /   1053
   414 /   1053
   415 /   1053
   416 /   1053
   417 /   1053
   418 /   1053
   419 /   1053
   420 /   1053
   421 /   1053
   422 /   1053
   423 /   1053
   424 /   1053
   425 /   1053
   426 /   1053
   427 /   1053
   428 /   1053
   429 /   1053
   430 /   1053
   431 /   1053
   432 /   1053
   433 /   1053
   434 /   1053
   435 /   1053
   436 /   1053
   437 /   1053
   438 /   1053
   439 /   1053
   440 /   1053
   441 /   1053
   442 /   1053
   443 /   1053
   444 /   1053
   445 /   1053
   446 /   1053
   447 /   1053
   448 /   1053
   449 /   1053
   450 /   1053
   451 /   1053
   452 /   1053
   453 /   1053
   454 /   1053
   455 /   1053
   456 /   1053
   457 /   1053
   458 /   1053
   459 /   1053
   460 /   1053
   461 /   1053
   462 /   1053
   463 /   1053
   464 /   1053
   465 /   1053
   466 /   1053
   467 /   1053
   468 /   1053
   469 /   1053
   470 /   1053
   471 /   1053
   472 /   1053
   473 /   1053
   474 /   1053
   475 /   1053
   476 /   1053
   477 /   1053
   478 /   1053
   479 /   1053
   480 /   1053
   481 /   1053
   482 /   1053
   483 /   1053
   484 /   1053
   485 /   1053
   486 /   1053
   487 /   1053
   488 /   1053
   489 /   1053
   490 /   1053
   491 /   1053
   492 /   1053
   493 /   1053
   494 /   1053
   495 /   1053
   496 /   1053
   497 /   1053
   498 /   1053
   499 /   1053
   500 /   1053
   501 /   1053
   502 /   1053
   503 /   1053
   504 /   1053
   505 /   1053
   506 /   1053
   507 /   1053
   508 /   1053
   509 /   1053
   510 /   1053
   511 /   1053
   512 /   1053
   513 /   1053
   514 /   1053
   515 /   1053
   516 /   1053
   517 /   1053
   518 /   1053
   519 /   1053
   520 /   1053
   521 /   1053
   522 /   1053
   523 /   1053
   524 /   1053
   525 /   1053
   526 /   1053
   527 /   1053
   528 /   1053
   529 /   1053
   530 /   1053
   531 /   1053
   532 /   1053
   533 /   1053
   534 /   1053
   535 /   1053
   536 /   1053
   537 /   1053
   538 /   1053
   539 /   1053
   540 /   1053
   541 /   1053
   542 /   1053
   543 /   1053
   544 /   1053
   545 /   1053
   546 /   1053
   547 /   1053
   548 /   1053
   549 /   1053
   550 /   1053
   551 /   1053
   552 /   1053
   553 /   1053
   554 /   1053
   555 /   1053
   556 /   1053
   557 /   1053
   558 /   1053
   559 /   1053
   560 /   1053
   561 /   1053
   562 /   1053
   563 /   1053
   564 /   1053
   565 /   1053
   566 /   1053
   567 /   1053
   568 /   1053
   569 /   1053
   570 /   1053
   571 /   1053
   572 /   1053
   573 /   1053
   574 /   1053
   575 /   1053
   576 /   1053
   577 /   1053
   578 /   1053
   579 /   1053
   580 /   1053
   581 /   1053
   582 /   1053
   583 /   1053
   584 /   1053
   585 /   1053
   586 /   1053
   587 /   1053
   588 /   1053
   589 /   1053
   590 /   1053
   591 /   1053
   592 /   1053
   593 /   1053
   594 /   1053
   595 /   1053
   596 /   1053
   597 /   1053
   598 /   1053
   599 /   1053
   600 /   1053
   601 /   1053
   602 /   1053
   603 /   1053
   604 /   1053
   605 /   1053
   606 /   1053
   607 /   1053
   608 /   1053
   609 /   1053
   610 /   1053
   611 /   1053
   612 /   1053
   613 /   1053
   614 /   1053
   615 /   1053
   616 /   1053
   617 /   1053
   618 /   1053
   619 /   1053
   620 /   1053
   621 /   1053
   622 /   1053
   623 /   1053
   624 /   1053
   625 /   1053
   626 /   1053
   627 /   1053
   628 /   1053
   629 /   1053
   630 /   1053
   631 /   1053
   632 /   1053
   633 /   1053
   634 /   1053
   635 /   1053
   636 /   1053
   637 /   1053
   638 /   1053
   639 /   1053
   640 /   1053
   641 /   1053
   642 /   1053
   643 /   1053
   644 /   1053
   645 /   1053
   646 /   1053
   647 /   1053
   648 /   1053
   649 /   1053
   650 /   1053
   651 /   1053
   652 /   1053
   653 /   1053
   654 /   1053
   655 /   1053
   656 /   1053
   657 /   1053
   658 /   1053
   659 /   1053
   660 /   1053
   661 /   1053
   662 /   1053
   663 /   1053
   664 /   1053
   665 /   1053
   666 /   1053
   667 /   1053
   668 /   1053
   669 /   1053
   670 /   1053
   671 /   1053
   672 /   1053
   673 /   1053
   674 /   1053
   675 /   1053
   676 /   1053
   677 /   1053
   678 /   1053
   679 /   1053
   680 /   1053
   681 /   1053
   682 /   1053
   683 /   1053
   684 /   1053
   685 /   1053
   686 /   1053
   687 /   1053
   688 /   1053
   689 /   1053
   690 /   1053
   691 /   1053
   692 /   1053
   693 /   1053
   694 /   1053
   695 /   1053
   696 /   1053
   697 /   1053
   698 /   1053
   699 /   1053
   700 /   1053
   701 /   1053
   702 /   1053
   703 /   1053
   704 /   1053
   705 /   1053
   706 /   1053
   707 /   1053
   708 /   1053
   709 /   1053
   710 /   1053
   711 /   1053
   712 /   1053
   713 /   1053
   714 /   1053
   715 /   1053
   716 /   1053
   717 /   1053
   718 /   1053
   719 /   1053
   720 /   1053
   721 /   1053
   722 /   1053
   723 /   1053
   724 /   1053
   725 /   1053
   726 /   1053
   727 /   1053
   728 /   1053
   729 /   1053
   730 /   1053
   731 /   1053
   732 /   1053
   733 /   1053
   734 /   1053
   735 /   1053
   736 /   1053
   737 /   1053
   738 /   1053
   739 /   1053
   740 /   1053
   741 /   1053
   742 /   1053
   743 /   1053
   744 /   1053
   745 /   1053
   746 /   1053
   747 /   1053
   748 /   1053
   749 /   1053
   750 /   1053
   751 /   1053
   752 /   1053
   753 /   1053
   754 /   1053
   755 /   1053
   756 /   1053
   757 /   1053
   758 /   1053
   759 /   1053
   760 /   1053
   761 /   1053
   762 /   1053
   763 /   1053
   764 /   1053
   765 /   1053
   766 /   1053
   767 /   1053
   768 /   1053
   769 /   1053
   770 /   1053
   771 /   1053
   772 /   1053
   773 /   1053
   774 /   1053
   775 /   1053
   776 /   1053
   777 /   1053
   778 /   1053
   779 /   1053
   780 /   1053
   781 /   1053
   782 /   1053
   783 /   1053
   784 /   1053
   785 /   1053
   786 /   1053
   787 /   1053
   788 /   1053
   789 /   1053
   790 /   1053
   791 /   1053
   792 /   1053
   793 /   1053
   794 /   1053
   795 /   1053
   796 /   1053
   797 /   1053
   798 /   1053
   799 /   1053
   800 /   1053
   801 /   1053
   802 /   1053
   803 /   1053
   804 /   1053
   805 /   1053
   806 /   1053
   807 /   1053
   808 /   1053
   809 /   1053
   810 /   1053
   811 /   1053
   812 /   1053
   813 /   1053
   814 /   1053
   815 /   1053
   816 /   1053
   817 /   1053
   818 /   1053
   819 /   1053
   820 /   1053
   821 /   1053
   822 /   1053
   823 /   1053
   824 /   1053
   825 /   1053
   826 /   1053
   827 /   1053
   828 /   1053
   829 /   1053
   830 /   1053
   831 /   1053
   832 /   1053
   833 /   1053
   834 /   1053
   835 /   1053
   836 /   1053
   837 /   1053
   838 /   1053
   839 /   1053
   840 /   1053
   841 /   1053
   842 /   1053
   843 /   1053
   844 /   1053
   845 /   1053
   846 /   1053
   847 /   1053
   848 /   1053
   849 /   1053
   850 /   1053
   851 /   1053
   852 /   1053
   853 /   1053
   854 /   1053
   855 /   1053
   856 /   1053
   857 /   1053
   858 /   1053
   859 /   1053
   860 /   1053
   861 /   1053
   862 /   1053
   863 /   1053
   864 /   1053
   865 /   1053
   866 /   1053
   867 /   1053
   868 /   1053
   869 /   1053
   870 /   1053
   871 /   1053
   872 /   1053
   873 /   1053
   874 /   1053
   875 /   1053
   876 /   1053
   877 /   1053
   878 /   1053
   879 /   1053
   880 /   1053
   881 /   1053
   882 /   1053
   883 /   1053
   884 /   1053
   885 /   1053
   886 /   1053
   887 /   1053
   888 /   1053
   889 /   1053
   890 /   1053
   891 /   1053
   892 /   1053
   893 /   1053
   894 /   1053
   895 /   1053
   896 /   1053
   897 /   1053
   898 /   1053
   899 /   1053
   900 /   1053
   901 /   1053
   902 /   1053
   903 /   1053
   904 /   1053
   905 /   1053
   906 /   1053
   907 /   1053
   908 /   1053
   909 /   1053
   910 /   1053
   911 /   1053
   912 /   1053
   913 /   1053
   914 /   1053
   915 /   1053
   916 /   1053
   917 /   1053
   918 /   1053
   919 /   1053
   920 /   1053
   921 /   1053
   922 /   1053
   923 /   1053
   924 /   1053
   925 /   1053
   926 /   1053
   927 /   1053
   928 /   1053
   929 /   1053
   930 /   1053
   931 /   1053
   932 /   1053
   933 /   1053
   934 /   1053
   935 /   1053
   936 /   1053
   937 /   1053
   938 /   1053
   939 /   1053
   940 /   1053
   941 /   1053
   942 /   1053
   943 /   1053
   944 /   1053
   945 /   1053
   946 /   1053
   947 /   1053
   948 /   1053
   949 /   1053
   950 /   1053
   951 /   1053
   952 /   1053
   953 /   1053
   954 /   1053
   955 /   1053
   956 /   1053
   957 /   1053
   958 /   1053
   959 /   1053
   960 /   1053
   961 /   1053
   962 /   1053
   963 /   1053
   964 /   1053
   965 /   1053
   966 /   1053
   967 /   1053
   968 /   1053
   969 /   1053
   970 /   1053
   971 /   1053
   972 /   1053
   973 /   1053
   974 /   1053
   975 /   1053
   976 /   1053
   977 /   1053
   978 /   1053
   979 /   1053
   980 /   1053
   981 /   1053
   982 /   1053
   983 /   1053
   984 /   1053
   985 /   1053
   986 /   1053
   987 /   1053
   988 /   1053
   989 /   1053
   990 /   1053
   991 /   1053
   992 /   1053
   993 /   1053
   994 /   1053
   995 /   1053
   996 /   1053
   997 /   1053
   998 /   1053
   999 /   1053
  1000 /   1053
  1001 /   1053
  1002 /   1053
  1003 /   1053
  1004 /   1053
  1005 /   1053
  1006 /   1053
  1007 /   1053
  1008 /   1053
  1009 /   1053
  1010 /   1053
  1011 /   1053
  1012 /   1053
  1013 /   1053
  1014 /   1053
  1015 /   1053
  1016 /   1053
  1017 /   1053
  1018 /   1053
  1019 /   1053
  1020 /   1053
  1021 /   1053
  1022 /   1053
  1023 /   1053
  1024 /   1053
  1025 /   1053
  1026 /   1053
  1027 /   1053
  1028 /   1053
  1029 /   1053
  1030 /   1053
  1031 /   1053
  1032 /   1053
  1033 /   1053
  1034 /   1053
  1035 /   1053
  1036 /   1053
  1037 /   1053
  1038 /   1053
  1039 /   1053
  1040 /   1053
  1041 /   1053
  1042 /   1053
  1043 /   1053
  1044 /   1053
  1045 /   1053
  1046 /   1053
  1047 /   1053
  1048 /   1053
  1049 /   1053
  1050 /   1053
  1051 /   1053
  1052 /   1053
  1053 /   1053
Music saved at: output/music.wav

2025-07-09 12:49:03,576 - ERROR - STDERR:
WARNING[XFORMERS]: xFormers can't load C++/CUDA extensions. xFormers was built for:
    PyTorch 2.1.0+cu121 with CUDA 1201 (you have 2.1.0+cpu)
    Python  3.9.13 (you have 3.9.13)
  Please reinstall xformers (see https://github.com/facebookresearch/xformers#installing-xformers)
  Memory-efficient attention, SwiGLU, sparse and more won't be available.
  Set XFORMERS_MORE_DETAILS=1 for more details
C:\Users\SNEH\Desktop\AI MUSIC\sound\audiocraft_env\lib\site-packages\torch\nn\utils\weight_norm.py:30: UserWarning: torch.nn.utils.weight_norm is deprecated in favor of torch.nn.utils.parametrizations.weight_norm.
  warnings.warn("torch.nn.utils.weight_norm is deprecated in favor of torch.nn.utils.parametrizations.weight_norm.")

2025-07-09 12:49:03,576 - INFO - Music generation completed
2025-07-09 12:49:03,577 - INFO - \U0001f3af Forwarding voice and music to tune_music.py for final tuning...
2025-07-09 12:49:03,874 - INFO - Tuning music for genre: pop
2025-07-09 12:49:09,106 - INFO - Voice tempo: 127.84 | Music tempo: 120.97
2025-07-09 12:49:10,328 - INFO - \U0001f4ca Voice dBFS: -21.19 | RMS: 2858
2025-07-09 12:49:10,329 - INFO - \U0001f4ca Music dBFS: -16.79 | RMS: 4741
2025-07-09 12:49:10,331 - INFO - \U0001f39b\ufe0f Target dB difference: 5
2025-07-09 12:49:10,331 - INFO - \U0001f39a\ufe0f Current dB difference: -4.40
2025-07-09 12:49:10,331 - INFO - \U0001f50a Applying voice gain adjustment: 9.40 dB
2025-07-09 12:49:10,334 - INFO - \u2705 Adjusted Voice dBFS: -12.01 | RMS: 8221
2025-07-09 12:49:10,343 - INFO - \U0001f3b5 Final Mix dBFS: -10.89 | RMS: 9353
2025-07-09 12:49:10,343 - INFO - \u2705 Final tuned mix exported: output/final_mix.wav
2025-07-09 12:49:10,344 - ERROR - \u274c Music tuning failed.
Traceback (most recent call last):
  File "C:\Users\SNEH\Desktop\AI MUSIC\tune_music.py", line 99, in <module>
    print(f"\u2705 Final tuned mix exported: {final_output}")
  File "C:\Users\SNEH\AppData\Local\Programs\Python\Python311\Lib\encodings\cp1252.py", line 19, in encode
    return codecs.charmap_encode(input,self.errors,encoding_table)[0]
           ^^^^^^^^^^^^^^^^^^^^^^^^^^^^^^^^^^^^^^^^^^^^^^^^^^^^^^^
UnicodeEncodeError: 'charmap' codec can't encode character '\u2705' in position 0: character maps to <undefined>
2025-07-09 12:49:10,862 - INFO - \U0001f3b6 tune_music.py stdout:

2025-07-09 12:49:10,863 - ERROR - \U0001f3b6 tune_music.py stderr:
Traceback (most recent call last):
  File "C:\Users\SNEH\Desktop\AI MUSIC\tune_music.py", line 99, in <module>
    print(f"\u2705 Final tuned mix exported: {final_output}")
  File "C:\Users\SNEH\AppData\Local\Programs\Python\Python311\Lib\encodings\cp1252.py", line 19, in encode
    return codecs.charmap_encode(input,self.errors,encoding_table)[0]
           ^^^^^^^^^^^^^^^^^^^^^^^^^^^^^^^^^^^^^^^^^^^^^^^^^^^^^^^
UnicodeEncodeError: 'charmap' codec can't encode character '\u2705' in position 0: character maps to <undefined>

During handling of the above exception, another exception occurred:

Traceback (most recent call last):
  File "C:\Users\SNEH\Desktop\AI MUSIC\tune_music.py", line 103, in <module>
    print(f"\u274c Music tuning failed: {e}")
  File "C:\Users\SNEH\AppData\Local\Programs\Python\Python311\Lib\encodings\cp1252.py", line 19, in encode
    return codecs.charmap_encode(input,self.errors,encoding_table)[0]
           ^^^^^^^^^^^^^^^^^^^^^^^^^^^^^^^^^^^^^^^^^^^^^^^^^^^^^^^
UnicodeEncodeError: 'charmap' codec can't encode character '\u274c' in position 0: character maps to <undefined>

2025-07-09 12:49:10,863 - ERROR - \u274c tune_music.py failed
2025-07-09 12:49:10,866 - INFO - 127.0.0.1 - - [09/Jul/2025 12:49:10] "[35m[1mPOST /generate HTTP/1.1[0m" 500 -
2025-07-09 12:52:03,532 - INFO - [31m[1mWARNING: This is a development server. Do not use it in a production deployment. Use a production WSGI server instead.[0m
 * Running on http://127.0.0.1:5000
2025-07-09 12:52:03,532 - INFO - [33mPress CTRL+C to quit[0m
2025-07-09 12:52:03,533 - INFO -  * Restarting with stat
2025-07-09 12:52:03,900 - WARNING -  * Debugger is active!
2025-07-09 12:52:03,903 - INFO -  * Debugger PIN: 133-803-107
2025-07-09 12:52:13,294 - INFO - 127.0.0.1 - - [09/Jul/2025 12:52:13] "GET / HTTP/1.1" 200 -
2025-07-09 12:52:38,319 - INFO - Starting generation for: energetic song
2025-07-09 12:52:38,319 - INFO - Genre: rock, Mood: energetic
2025-07-09 12:52:38,319 - INFO - Using existing audio: True
2025-07-09 12:52:38,324 - INFO - Using uploaded audio file: output\voice.wav
2025-07-09 12:52:38,324 - INFO - Starting music generation...
2025-07-09 12:52:38,324 - INFO - Running: sound\audiocraft_env\Scripts\python sound\main.py
2025-07-09 12:55:12,444 - INFO - STDOUT:
     1 /   1053
     2 /   1053
     3 /   1053
     4 /   1053
     5 /   1053
     6 /   1053
     7 /   1053
     8 /   1053
     9 /   1053
    10 /   1053
    11 /   1053
    12 /   1053
    13 /   1053
    14 /   1053
    15 /   1053
    16 /   1053
    17 /   1053
    18 /   1053
    19 /   1053
    20 /   1053
    21 /   1053
    22 /   1053
    23 /   1053
    24 /   1053
    25 /   1053
    26 /   1053
    27 /   1053
    28 /   1053
    29 /   1053
    30 /   1053
    31 /   1053
    32 /   1053
    33 /   1053
    34 /   1053
    35 /   1053
    36 /   1053
    37 /   1053
    38 /   1053
    39 /   1053
    40 /   1053
    41 /   1053
    42 /   1053
    43 /   1053
    44 /   1053
    45 /   1053
    46 /   1053
    47 /   1053
    48 /   1053
    49 /   1053
    50 /   1053
    51 /   1053
    52 /   1053
    53 /   1053
    54 /   1053
    55 /   1053
    56 /   1053
    57 /   1053
    58 /   1053
    59 /   1053
    60 /   1053
    61 /   1053
    62 /   1053
    63 /   1053
    64 /   1053
    65 /   1053
    66 /   1053
    67 /   1053
    68 /   1053
    69 /   1053
    70 /   1053
    71 /   1053
    72 /   1053
    73 /   1053
    74 /   1053
    75 /   1053
    76 /   1053
    77 /   1053
    78 /   1053
    79 /   1053
    80 /   1053
    81 /   1053
    82 /   1053
    83 /   1053
    84 /   1053
    85 /   1053
    86 /   1053
    87 /   1053
    88 /   1053
    89 /   1053
    90 /   1053
    91 /   1053
    92 /   1053
    93 /   1053
    94 /   1053
    95 /   1053
    96 /   1053
    97 /   1053
    98 /   1053
    99 /   1053
   100 /   1053
   101 /   1053
   102 /   1053
   103 /   1053
   104 /   1053
   105 /   1053
   106 /   1053
   107 /   1053
   108 /   1053
   109 /   1053
   110 /   1053
   111 /   1053
   112 /   1053
   113 /   1053
   114 /   1053
   115 /   1053
   116 /   1053
   117 /   1053
   118 /   1053
   119 /   1053
   120 /   1053
   121 /   1053
   122 /   1053
   123 /   1053
   124 /   1053
   125 /   1053
   126 /   1053
   127 /   1053
   128 /   1053
   129 /   1053
   130 /   1053
   131 /   1053
   132 /   1053
   133 /   1053
   134 /   1053
   135 /   1053
   136 /   1053
   137 /   1053
   138 /   1053
   139 /   1053
   140 /   1053
   141 /   1053
   142 /   1053
   143 /   1053
   144 /   1053
   145 /   1053
   146 /   1053
   147 /   1053
   148 /   1053
   149 /   1053
   150 /   1053
   151 /   1053
   152 /   1053
   153 /   1053
   154 /   1053
   155 /   1053
   156 /   1053
   157 /   1053
   158 /   1053
   159 /   1053
   160 /   1053
   161 /   1053
   162 /   1053
   163 /   1053
   164 /   1053
   165 /   1053
   166 /   1053
   167 /   1053
   168 /   1053
   169 /   1053
   170 /   1053
   171 /   1053
   172 /   1053
   173 /   1053
   174 /   1053
   175 /   1053
   176 /   1053
   177 /   1053
   178 /   1053
   179 /   1053
   180 /   1053
   181 /   1053
   182 /   1053
   183 /   1053
   184 /   1053
   185 /   1053
   186 /   1053
   187 /   1053
   188 /   1053
   189 /   1053
   190 /   1053
   191 /   1053
   192 /   1053
   193 /   1053
   194 /   1053
   195 /   1053
   196 /   1053
   197 /   1053
   198 /   1053
   199 /   1053
   200 /   1053
   201 /   1053
   202 /   1053
   203 /   1053
   204 /   1053
   205 /   1053
   206 /   1053
   207 /   1053
   208 /   1053
   209 /   1053
   210 /   1053
   211 /   1053
   212 /   1053
   213 /   1053
   214 /   1053
   215 /   1053
   216 /   1053
   217 /   1053
   218 /   1053
   219 /   1053
   220 /   1053
   221 /   1053
   222 /   1053
   223 /   1053
   224 /   1053
   225 /   1053
   226 /   1053
   227 /   1053
   228 /   1053
   229 /   1053
   230 /   1053
   231 /   1053
   232 /   1053
   233 /   1053
   234 /   1053
   235 /   1053
   236 /   1053
   237 /   1053
   238 /   1053
   239 /   1053
   240 /   1053
   241 /   1053
   242 /   1053
   243 /   1053
   244 /   1053
   245 /   1053
   246 /   1053
   247 /   1053
   248 /   1053
   249 /   1053
   250 /   1053
   251 /   1053
   252 /   1053
   253 /   1053
   254 /   1053
   255 /   1053
   256 /   1053
   257 /   1053
   258 /   1053
   259 /   1053
   260 /   1053
   261 /   1053
   262 /   1053
   263 /   1053
   264 /   1053
   265 /   1053
   266 /   1053
   267 /   1053
   268 /   1053
   269 /   1053
   270 /   1053
   271 /   1053
   272 /   1053
   273 /   1053
   274 /   1053
   275 /   1053
   276 /   1053
   277 /   1053
   278 /   1053
   279 /   1053
   280 /   1053
   281 /   1053
   282 /   1053
   283 /   1053
   284 /   1053
   285 /   1053
   286 /   1053
   287 /   1053
   288 /   1053
   289 /   1053
   290 /   1053
   291 /   1053
   292 /   1053
   293 /   1053
   294 /   1053
   295 /   1053
   296 /   1053
   297 /   1053
   298 /   1053
   299 /   1053
   300 /   1053
   301 /   1053
   302 /   1053
   303 /   1053
   304 /   1053
   305 /   1053
   306 /   1053
   307 /   1053
   308 /   1053
   309 /   1053
   310 /   1053
   311 /   1053
   312 /   1053
   313 /   1053
   314 /   1053
   315 /   1053
   316 /   1053
   317 /   1053
   318 /   1053
   319 /   1053
   320 /   1053
   321 /   1053
   322 /   1053
   323 /   1053
   324 /   1053
   325 /   1053
   326 /   1053
   327 /   1053
   328 /   1053
   329 /   1053
   330 /   1053
   331 /   1053
   332 /   1053
   333 /   1053
   334 /   1053
   335 /   1053
   336 /   1053
   337 /   1053
   338 /   1053
   339 /   1053
   340 /   1053
   341 /   1053
   342 /   1053
   343 /   1053
   344 /   1053
   345 /   1053
   346 /   1053
   347 /   1053
   348 /   1053
   349 /   1053
   350 /   1053
   351 /   1053
   352 /   1053
   353 /   1053
   354 /   1053
   355 /   1053
   356 /   1053
   357 /   1053
   358 /   1053
   359 /   1053
   360 /   1053
   361 /   1053
   362 /   1053
   363 /   1053
   364 /   1053
   365 /   1053
   366 /   1053
   367 /   1053
   368 /   1053
   369 /   1053
   370 /   1053
   371 /   1053
   372 /   1053
   373 /   1053
   374 /   1053
   375 /   1053
   376 /   1053
   377 /   1053
   378 /   1053
   379 /   1053
   380 /   1053
   381 /   1053
   382 /   1053
   383 /   1053
   384 /   1053
   385 /   1053
   386 /   1053
   387 /   1053
   388 /   1053
   389 /   1053
   390 /   1053
   391 /   1053
   392 /   1053
   393 /   1053
   394 /   1053
   395 /   1053
   396 /   1053
   397 /   1053
   398 /   1053
   399 /   1053
   400 /   1053
   401 /   1053
   402 /   1053
   403 /   1053
   404 /   1053
   405 /   1053
   406 /   1053
   407 /   1053
   408 /   1053
   409 /   1053
   410 /   1053
   411 /   1053
   412 /   1053
   413 /   1053
   414 /   1053
   415 /   1053
   416 /   1053
   417 /   1053
   418 /   1053
   419 /   1053
   420 /   1053
   421 /   1053
   422 /   1053
   423 /   1053
   424 /   1053
   425 /   1053
   426 /   1053
   427 /   1053
   428 /   1053
   429 /   1053
   430 /   1053
   431 /   1053
   432 /   1053
   433 /   1053
   434 /   1053
   435 /   1053
   436 /   1053
   437 /   1053
   438 /   1053
   439 /   1053
   440 /   1053
   441 /   1053
   442 /   1053
   443 /   1053
   444 /   1053
   445 /   1053
   446 /   1053
   447 /   1053
   448 /   1053
   449 /   1053
   450 /   1053
   451 /   1053
   452 /   1053
   453 /   1053
   454 /   1053
   455 /   1053
   456 /   1053
   457 /   1053
   458 /   1053
   459 /   1053
   460 /   1053
   461 /   1053
   462 /   1053
   463 /   1053
   464 /   1053
   465 /   1053
   466 /   1053
   467 /   1053
   468 /   1053
   469 /   1053
   470 /   1053
   471 /   1053
   472 /   1053
   473 /   1053
   474 /   1053
   475 /   1053
   476 /   1053
   477 /   1053
   478 /   1053
   479 /   1053
   480 /   1053
   481 /   1053
   482 /   1053
   483 /   1053
   484 /   1053
   485 /   1053
   486 /   1053
   487 /   1053
   488 /   1053
   489 /   1053
   490 /   1053
   491 /   1053
   492 /   1053
   493 /   1053
   494 /   1053
   495 /   1053
   496 /   1053
   497 /   1053
   498 /   1053
   499 /   1053
   500 /   1053
   501 /   1053
   502 /   1053
   503 /   1053
   504 /   1053
   505 /   1053
   506 /   1053
   507 /   1053
   508 /   1053
   509 /   1053
   510 /   1053
   511 /   1053
   512 /   1053
   513 /   1053
   514 /   1053
   515 /   1053
   516 /   1053
   517 /   1053
   518 /   1053
   519 /   1053
   520 /   1053
   521 /   1053
   522 /   1053
   523 /   1053
   524 /   1053
   525 /   1053
   526 /   1053
   527 /   1053
   528 /   1053
   529 /   1053
   530 /   1053
   531 /   1053
   532 /   1053
   533 /   1053
   534 /   1053
   535 /   1053
   536 /   1053
   537 /   1053
   538 /   1053
   539 /   1053
   540 /   1053
   541 /   1053
   542 /   1053
   543 /   1053
   544 /   1053
   545 /   1053
   546 /   1053
   547 /   1053
   548 /   1053
   549 /   1053
   550 /   1053
   551 /   1053
   552 /   1053
   553 /   1053
   554 /   1053
   555 /   1053
   556 /   1053
   557 /   1053
   558 /   1053
   559 /   1053
   560 /   1053
   561 /   1053
   562 /   1053
   563 /   1053
   564 /   1053
   565 /   1053
   566 /   1053
   567 /   1053
   568 /   1053
   569 /   1053
   570 /   1053
   571 /   1053
   572 /   1053
   573 /   1053
   574 /   1053
   575 /   1053
   576 /   1053
   577 /   1053
   578 /   1053
   579 /   1053
   580 /   1053
   581 /   1053
   582 /   1053
   583 /   1053
   584 /   1053
   585 /   1053
   586 /   1053
   587 /   1053
   588 /   1053
   589 /   1053
   590 /   1053
   591 /   1053
   592 /   1053
   593 /   1053
   594 /   1053
   595 /   1053
   596 /   1053
   597 /   1053
   598 /   1053
   599 /   1053
   600 /   1053
   601 /   1053
   602 /   1053
   603 /   1053
   604 /   1053
   605 /   1053
   606 /   1053
   607 /   1053
   608 /   1053
   609 /   1053
   610 /   1053
   611 /   1053
   612 /   1053
   613 /   1053
   614 /   1053
   615 /   1053
   616 /   1053
   617 /   1053
   618 /   1053
   619 /   1053
   620 /   1053
   621 /   1053
   622 /   1053
   623 /   1053
   624 /   1053
   625 /   1053
   626 /   1053
   627 /   1053
   628 /   1053
   629 /   1053
   630 /   1053
   631 /   1053
   632 /   1053
   633 /   1053
   634 /   1053
   635 /   1053
   636 /   1053
   637 /   1053
   638 /   1053
   639 /   1053
   640 /   1053
   641 /   1053
   642 /   1053
   643 /   1053
   644 /   1053
   645 /   1053
   646 /   1053
   647 /   1053
   648 /   1053
   649 /   1053
   650 /   1053
   651 /   1053
   652 /   1053
   653 /   1053
   654 /   1053
   655 /   1053
   656 /   1053
   657 /   1053
   658 /   1053
   659 /   1053
   660 /   1053
   661 /   1053
   662 /   1053
   663 /   1053
   664 /   1053
   665 /   1053
   666 /   1053
   667 /   1053
   668 /   1053
   669 /   1053
   670 /   1053
   671 /   1053
   672 /   1053
   673 /   1053
   674 /   1053
   675 /   1053
   676 /   1053
   677 /   1053
   678 /   1053
   679 /   1053
   680 /   1053
   681 /   1053
   682 /   1053
   683 /   1053
   684 /   1053
   685 /   1053
   686 /   1053
   687 /   1053
   688 /   1053
   689 /   1053
   690 /   1053
   691 /   1053
   692 /   1053
   693 /   1053
   694 /   1053
   695 /   1053
   696 /   1053
   697 /   1053
   698 /   1053
   699 /   1053
   700 /   1053
   701 /   1053
   702 /   1053
   703 /   1053
   704 /   1053
   705 /   1053
   706 /   1053
   707 /   1053
   708 /   1053
   709 /   1053
   710 /   1053
   711 /   1053
   712 /   1053
   713 /   1053
   714 /   1053
   715 /   1053
   716 /   1053
   717 /   1053
   718 /   1053
   719 /   1053
   720 /   1053
   721 /   1053
   722 /   1053
   723 /   1053
   724 /   1053
   725 /   1053
   726 /   1053
   727 /   1053
   728 /   1053
   729 /   1053
   730 /   1053
   731 /   1053
   732 /   1053
   733 /   1053
   734 /   1053
   735 /   1053
   736 /   1053
   737 /   1053
   738 /   1053
   739 /   1053
   740 /   1053
   741 /   1053
   742 /   1053
   743 /   1053
   744 /   1053
   745 /   1053
   746 /   1053
   747 /   1053
   748 /   1053
   749 /   1053
   750 /   1053
   751 /   1053
   752 /   1053
   753 /   1053
   754 /   1053
   755 /   1053
   756 /   1053
   757 /   1053
   758 /   1053
   759 /   1053
   760 /   1053
   761 /   1053
   762 /   1053
   763 /   1053
   764 /   1053
   765 /   1053
   766 /   1053
   767 /   1053
   768 /   1053
   769 /   1053
   770 /   1053
   771 /   1053
   772 /   1053
   773 /   1053
   774 /   1053
   775 /   1053
   776 /   1053
   777 /   1053
   778 /   1053
   779 /   1053
   780 /   1053
   781 /   1053
   782 /   1053
   783 /   1053
   784 /   1053
   785 /   1053
   786 /   1053
   787 /   1053
   788 /   1053
   789 /   1053
   790 /   1053
   791 /   1053
   792 /   1053
   793 /   1053
   794 /   1053
   795 /   1053
   796 /   1053
   797 /   1053
   798 /   1053
   799 /   1053
   800 /   1053
   801 /   1053
   802 /   1053
   803 /   1053
   804 /   1053
   805 /   1053
   806 /   1053
   807 /   1053
   808 /   1053
   809 /   1053
   810 /   1053
   811 /   1053
   812 /   1053
   813 /   1053
   814 /   1053
   815 /   1053
   816 /   1053
   817 /   1053
   818 /   1053
   819 /   1053
   820 /   1053
   821 /   1053
   822 /   1053
   823 /   1053
   824 /   1053
   825 /   1053
   826 /   1053
   827 /   1053
   828 /   1053
   829 /   1053
   830 /   1053
   831 /   1053
   832 /   1053
   833 /   1053
   834 /   1053
   835 /   1053
   836 /   1053
   837 /   1053
   838 /   1053
   839 /   1053
   840 /   1053
   841 /   1053
   842 /   1053
   843 /   1053
   844 /   1053
   845 /   1053
   846 /   1053
   847 /   1053
   848 /   1053
   849 /   1053
   850 /   1053
   851 /   1053
   852 /   1053
   853 /   1053
   854 /   1053
   855 /   1053
   856 /   1053
   857 /   1053
   858 /   1053
   859 /   1053
   860 /   1053
   861 /   1053
   862 /   1053
   863 /   1053
   864 /   1053
   865 /   1053
   866 /   1053
   867 /   1053
   868 /   1053
   869 /   1053
   870 /   1053
   871 /   1053
   872 /   1053
   873 /   1053
   874 /   1053
   875 /   1053
   876 /   1053
   877 /   1053
   878 /   1053
   879 /   1053
   880 /   1053
   881 /   1053
   882 /   1053
   883 /   1053
   884 /   1053
   885 /   1053
   886 /   1053
   887 /   1053
   888 /   1053
   889 /   1053
   890 /   1053
   891 /   1053
   892 /   1053
   893 /   1053
   894 /   1053
   895 /   1053
   896 /   1053
   897 /   1053
   898 /   1053
   899 /   1053
   900 /   1053
   901 /   1053
   902 /   1053
   903 /   1053
   904 /   1053
   905 /   1053
   906 /   1053
   907 /   1053
   908 /   1053
   909 /   1053
   910 /   1053
   911 /   1053
   912 /   1053
   913 /   1053
   914 /   1053
   915 /   1053
   916 /   1053
   917 /   1053
   918 /   1053
   919 /   1053
   920 /   1053
   921 /   1053
   922 /   1053
   923 /   1053
   924 /   1053
   925 /   1053
   926 /   1053
   927 /   1053
   928 /   1053
   929 /   1053
   930 /   1053
   931 /   1053
   932 /   1053
   933 /   1053
   934 /   1053
   935 /   1053
   936 /   1053
   937 /   1053
   938 /   1053
   939 /   1053
   940 /   1053
   941 /   1053
   942 /   1053
   943 /   1053
   944 /   1053
   945 /   1053
   946 /   1053
   947 /   1053
   948 /   1053
   949 /   1053
   950 /   1053
   951 /   1053
   952 /   1053
   953 /   1053
   954 /   1053
   955 /   1053
   956 /   1053
   957 /   1053
   958 /   1053
   959 /   1053
   960 /   1053
   961 /   1053
   962 /   1053
   963 /   1053
   964 /   1053
   965 /   1053
   966 /   1053
   967 /   1053
   968 /   1053
   969 /   1053
   970 /   1053
   971 /   1053
   972 /   1053
   973 /   1053
   974 /   1053
   975 /   1053
   976 /   1053
   977 /   1053
   978 /   1053
   979 /   1053
   980 /   1053
   981 /   1053
   982 /   1053
   983 /   1053
   984 /   1053
   985 /   1053
   986 /   1053
   987 /   1053
   988 /   1053
   989 /   1053
   990 /   1053
   991 /   1053
   992 /   1053
   993 /   1053
   994 /   1053
   995 /   1053
   996 /   1053
   997 /   1053
   998 /   1053
   999 /   1053
  1000 /   1053
  1001 /   1053
  1002 /   1053
  1003 /   1053
  1004 /   1053
  1005 /   1053
  1006 /   1053
  1007 /   1053
  1008 /   1053
  1009 /   1053
  1010 /   1053
  1011 /   1053
  1012 /   1053
  1013 /   1053
  1014 /   1053
  1015 /   1053
  1016 /   1053
  1017 /   1053
  1018 /   1053
  1019 /   1053
  1020 /   1053
  1021 /   1053
  1022 /   1053
  1023 /   1053
  1024 /   1053
  1025 /   1053
  1026 /   1053
  1027 /   1053
  1028 /   1053
  1029 /   1053
  1030 /   1053
  1031 /   1053
  1032 /   1053
  1033 /   1053
  1034 /   1053
  1035 /   1053
  1036 /   1053
  1037 /   1053
  1038 /   1053
  1039 /   1053
  1040 /   1053
  1041 /   1053
  1042 /   1053
  1043 /   1053
  1044 /   1053
  1045 /   1053
  1046 /   1053
  1047 /   1053
  1048 /   1053
  1049 /   1053
  1050 /   1053
  1051 /   1053
  1052 /   1053
  1053 /   1053
Music saved at: output/music.wav

2025-07-09 12:55:12,444 - ERROR - STDERR:
WARNING[XFORMERS]: xFormers can't load C++/CUDA extensions. xFormers was built for:
    PyTorch 2.1.0+cu121 with CUDA 1201 (you have 2.1.0+cpu)
    Python  3.9.13 (you have 3.9.13)
  Please reinstall xformers (see https://github.com/facebookresearch/xformers#installing-xformers)
  Memory-efficient attention, SwiGLU, sparse and more won't be available.
  Set XFORMERS_MORE_DETAILS=1 for more details
C:\Users\SNEH\Desktop\AI MUSIC\sound\audiocraft_env\lib\site-packages\torch\nn\utils\weight_norm.py:30: UserWarning: torch.nn.utils.weight_norm is deprecated in favor of torch.nn.utils.parametrizations.weight_norm.
  warnings.warn("torch.nn.utils.weight_norm is deprecated in favor of torch.nn.utils.parametrizations.weight_norm.")

2025-07-09 12:55:12,444 - INFO - Music generation completed
2025-07-09 12:55:12,444 - INFO - \U0001f3af Forwarding voice and music to tune_music.py for final tuning...
2025-07-09 12:55:12,728 - INFO - Tuning music for genre: rock
2025-07-09 12:55:17,370 - INFO - Voice tempo: 127.84 | Music tempo: 133.93
2025-07-09 12:55:18,540 - INFO - \U0001f4ca Voice dBFS: -21.19 | RMS: 2858
2025-07-09 12:55:18,540 - INFO - \U0001f4ca Music dBFS: -12.30 | RMS: 7951
2025-07-09 12:55:18,540 - INFO - \U0001f39b\ufe0f Target dB difference: 3
2025-07-09 12:55:18,540 - INFO - \U0001f39a\ufe0f Current dB difference: -8.89
2025-07-09 12:55:18,540 - INFO - \U0001f50a Applying voice gain adjustment: 11.89 dB
2025-07-09 12:55:18,547 - INFO - \u2705 Adjusted Voice dBFS: -9.95 | RMS: 10418
2025-07-09 12:55:18,558 - INFO - \U0001f3b5 Final Mix dBFS: -8.29 | RMS: 12620
2025-07-09 12:55:18,558 - INFO - \u2705 Final tuned mix exported: output/final_mix.wav
2025-07-09 12:55:18,558 - ERROR - \u274c Music tuning failed.
Traceback (most recent call last):
  File "C:\Users\SNEH\Desktop\AI MUSIC\tune_music.py", line 99, in <module>
    print(f"\u2705 Final tuned mix exported: {final_output}")
  File "C:\Users\SNEH\AppData\Local\Programs\Python\Python311\Lib\encodings\cp1252.py", line 19, in encode
    return codecs.charmap_encode(input,self.errors,encoding_table)[0]
           ^^^^^^^^^^^^^^^^^^^^^^^^^^^^^^^^^^^^^^^^^^^^^^^^^^^^^^^
UnicodeEncodeError: 'charmap' codec can't encode character '\u2705' in position 0: character maps to <undefined>
2025-07-09 12:55:19,016 - INFO - \U0001f3b6 tune_music.py stdout:

2025-07-09 12:55:19,016 - ERROR - \U0001f3b6 tune_music.py stderr:
Traceback (most recent call last):
  File "C:\Users\SNEH\Desktop\AI MUSIC\tune_music.py", line 99, in <module>
    print(f"\u2705 Final tuned mix exported: {final_output}")
  File "C:\Users\SNEH\AppData\Local\Programs\Python\Python311\Lib\encodings\cp1252.py", line 19, in encode
    return codecs.charmap_encode(input,self.errors,encoding_table)[0]
           ^^^^^^^^^^^^^^^^^^^^^^^^^^^^^^^^^^^^^^^^^^^^^^^^^^^^^^^
UnicodeEncodeError: 'charmap' codec can't encode character '\u2705' in position 0: character maps to <undefined>

During handling of the above exception, another exception occurred:

Traceback (most recent call last):
  File "C:\Users\SNEH\Desktop\AI MUSIC\tune_music.py", line 103, in <module>
    print(f"\u274c Music tuning failed: {e}")
  File "C:\Users\SNEH\AppData\Local\Programs\Python\Python311\Lib\encodings\cp1252.py", line 19, in encode
    return codecs.charmap_encode(input,self.errors,encoding_table)[0]
           ^^^^^^^^^^^^^^^^^^^^^^^^^^^^^^^^^^^^^^^^^^^^^^^^^^^^^^^
UnicodeEncodeError: 'charmap' codec can't encode character '\u274c' in position 0: character maps to <undefined>

2025-07-09 12:55:19,016 - ERROR - \u274c tune_music.py failed
2025-07-09 12:55:19,016 - INFO - 127.0.0.1 - - [09/Jul/2025 12:55:19] "[35m[1mPOST /generate HTTP/1.1[0m" 500 -
2025-07-09 12:56:50,861 - INFO -  * Detected change in 'c:\\Users\\SNEH\\Desktop\\AI MUSIC\\tune_music.py', reloading
2025-07-09 12:56:50,903 - INFO -  * Restarting with stat
2025-07-09 12:56:51,261 - WARNING -  * Debugger is active!
2025-07-09 12:56:51,268 - INFO -  * Debugger PIN: 133-803-107
2025-07-09 12:56:52,318 - INFO -  * Detected change in 'c:\\Users\\SNEH\\Desktop\\AI MUSIC\\tune_music.py', reloading
2025-07-09 12:56:52,354 - INFO -  * Restarting with stat
2025-07-09 12:56:52,639 - WARNING -  * Debugger is active!
2025-07-09 12:56:52,644 - INFO -  * Debugger PIN: 133-803-107
2025-07-09 12:57:01,826 - INFO -  * Detected change in 'c:\\Users\\SNEH\\Desktop\\AI MUSIC\\tune_music.py', reloading
2025-07-09 12:57:01,867 - INFO -  * Restarting with stat
2025-07-09 12:57:02,170 - WARNING -  * Debugger is active!
2025-07-09 12:57:02,172 - INFO -  * Debugger PIN: 133-803-107
2025-07-09 12:57:05,258 - INFO -  * Detected change in 'c:\\Users\\SNEH\\Desktop\\AI MUSIC\\tune_music.py', reloading
2025-07-09 12:57:05,294 - INFO -  * Restarting with stat
2025-07-09 12:57:05,637 - WARNING -  * Debugger is active!
2025-07-09 12:57:05,639 - INFO -  * Debugger PIN: 133-803-107
2025-07-09 12:57:06,690 - INFO -  * Detected change in 'c:\\Users\\SNEH\\Desktop\\AI MUSIC\\tune_music.py', reloading
2025-07-09 12:57:06,722 - INFO -  * Restarting with stat
2025-07-09 12:57:06,995 - WARNING -  * Debugger is active!
2025-07-09 12:57:06,997 - INFO -  * Debugger PIN: 133-803-107
2025-07-09 12:57:14,139 - INFO -  * Detected change in 'c:\\Users\\SNEH\\Desktop\\AI MUSIC\\tune_music.py', reloading
2025-07-09 12:57:14,170 - INFO -  * Restarting with stat
2025-07-09 12:57:14,449 - WARNING -  * Debugger is active!
2025-07-09 12:57:14,449 - INFO -  * Debugger PIN: 133-803-107
2025-07-09 12:57:44,942 - INFO -  * Detected change in 'c:\\Users\\SNEH\\Desktop\\AI MUSIC\\tune_music.py', reloading
2025-07-09 12:57:44,991 - INFO -  * Restarting with stat
2025-07-09 12:57:45,295 - WARNING -  * Debugger is active!
2025-07-09 12:57:45,297 - INFO -  * Debugger PIN: 133-803-107
2025-07-09 12:57:47,358 - INFO -  * Detected change in 'c:\\Users\\SNEH\\Desktop\\AI MUSIC\\tune_music.py', reloading
2025-07-09 12:57:47,390 - INFO -  * Restarting with stat
2025-07-09 12:57:47,700 - WARNING -  * Debugger is active!
2025-07-09 12:57:47,700 - INFO -  * Debugger PIN: 133-803-107
2025-07-09 12:58:56,808 - INFO -  * Detected change in 'c:\\Users\\SNEH\\Desktop\\AI MUSIC\\tune_music.py', reloading
2025-07-09 12:58:56,849 - INFO -  * Restarting with stat
2025-07-09 12:58:57,147 - WARNING -  * Debugger is active!
2025-07-09 12:58:57,149 - INFO -  * Debugger PIN: 133-803-107
2025-07-09 12:59:06,320 - INFO -  * Detected change in 'c:\\Users\\SNEH\\Desktop\\AI MUSIC\\tune_music.py', reloading
2025-07-09 12:59:06,359 - INFO -  * Restarting with stat
2025-07-09 12:59:06,682 - WARNING -  * Debugger is active!
2025-07-09 12:59:06,684 - INFO -  * Debugger PIN: 133-803-107
2025-07-09 12:59:32,580 - INFO - [31m[1mWARNING: This is a development server. Do not use it in a production deployment. Use a production WSGI server instead.[0m
 * Running on http://127.0.0.1:5000
2025-07-09 12:59:32,580 - INFO - [33mPress CTRL+C to quit[0m
2025-07-09 12:59:32,582 - INFO -  * Restarting with stat
2025-07-09 12:59:32,862 - WARNING -  * Debugger is active!
2025-07-09 12:59:32,864 - INFO -  * Debugger PIN: 133-803-107
2025-07-09 12:59:38,675 - INFO - 127.0.0.1 - - [09/Jul/2025 12:59:38] "GET / HTTP/1.1" 200 -
2025-07-09 12:59:53,042 - INFO - Starting generation for: energetic song
2025-07-09 12:59:53,042 - INFO - Genre: pop, Mood: energetic
2025-07-09 12:59:53,042 - INFO - Using existing audio: True
2025-07-09 12:59:53,047 - INFO - Using uploaded audio file: output\voice.wav
2025-07-09 12:59:53,047 - INFO - Starting music generation...
2025-07-09 12:59:53,047 - INFO - Running: sound\audiocraft_env\Scripts\python sound\main.py
2025-07-09 13:01:51,105 - INFO - STDOUT:
     1 /   1053
     2 /   1053
     3 /   1053
     4 /   1053
     5 /   1053
     6 /   1053
     7 /   1053
     8 /   1053
     9 /   1053
    10 /   1053
    11 /   1053
    12 /   1053
    13 /   1053
    14 /   1053
    15 /   1053
    16 /   1053
    17 /   1053
    18 /   1053
    19 /   1053
    20 /   1053
    21 /   1053
    22 /   1053
    23 /   1053
    24 /   1053
    25 /   1053
    26 /   1053
    27 /   1053
    28 /   1053
    29 /   1053
    30 /   1053
    31 /   1053
    32 /   1053
    33 /   1053
    34 /   1053
    35 /   1053
    36 /   1053
    37 /   1053
    38 /   1053
    39 /   1053
    40 /   1053
    41 /   1053
    42 /   1053
    43 /   1053
    44 /   1053
    45 /   1053
    46 /   1053
    47 /   1053
    48 /   1053
    49 /   1053
    50 /   1053
    51 /   1053
    52 /   1053
    53 /   1053
    54 /   1053
    55 /   1053
    56 /   1053
    57 /   1053
    58 /   1053
    59 /   1053
    60 /   1053
    61 /   1053
    62 /   1053
    63 /   1053
    64 /   1053
    65 /   1053
    66 /   1053
    67 /   1053
    68 /   1053
    69 /   1053
    70 /   1053
    71 /   1053
    72 /   1053
    73 /   1053
    74 /   1053
    75 /   1053
    76 /   1053
    77 /   1053
    78 /   1053
    79 /   1053
    80 /   1053
    81 /   1053
    82 /   1053
    83 /   1053
    84 /   1053
    85 /   1053
    86 /   1053
    87 /   1053
    88 /   1053
    89 /   1053
    90 /   1053
    91 /   1053
    92 /   1053
    93 /   1053
    94 /   1053
    95 /   1053
    96 /   1053
    97 /   1053
    98 /   1053
    99 /   1053
   100 /   1053
   101 /   1053
   102 /   1053
   103 /   1053
   104 /   1053
   105 /   1053
   106 /   1053
   107 /   1053
   108 /   1053
   109 /   1053
   110 /   1053
   111 /   1053
   112 /   1053
   113 /   1053
   114 /   1053
   115 /   1053
   116 /   1053
   117 /   1053
   118 /   1053
   119 /   1053
   120 /   1053
   121 /   1053
   122 /   1053
   123 /   1053
   124 /   1053
   125 /   1053
   126 /   1053
   127 /   1053
   128 /   1053
   129 /   1053
   130 /   1053
   131 /   1053
   132 /   1053
   133 /   1053
   134 /   1053
   135 /   1053
   136 /   1053
   137 /   1053
   138 /   1053
   139 /   1053
   140 /   1053
   141 /   1053
   142 /   1053
   143 /   1053
   144 /   1053
   145 /   1053
   146 /   1053
   147 /   1053
   148 /   1053
   149 /   1053
   150 /   1053
   151 /   1053
   152 /   1053
   153 /   1053
   154 /   1053
   155 /   1053
   156 /   1053
   157 /   1053
   158 /   1053
   159 /   1053
   160 /   1053
   161 /   1053
   162 /   1053
   163 /   1053
   164 /   1053
   165 /   1053
   166 /   1053
   167 /   1053
   168 /   1053
   169 /   1053
   170 /   1053
   171 /   1053
   172 /   1053
   173 /   1053
   174 /   1053
   175 /   1053
   176 /   1053
   177 /   1053
   178 /   1053
   179 /   1053
   180 /   1053
   181 /   1053
   182 /   1053
   183 /   1053
   184 /   1053
   185 /   1053
   186 /   1053
   187 /   1053
   188 /   1053
   189 /   1053
   190 /   1053
   191 /   1053
   192 /   1053
   193 /   1053
   194 /   1053
   195 /   1053
   196 /   1053
   197 /   1053
   198 /   1053
   199 /   1053
   200 /   1053
   201 /   1053
   202 /   1053
   203 /   1053
   204 /   1053
   205 /   1053
   206 /   1053
   207 /   1053
   208 /   1053
   209 /   1053
   210 /   1053
   211 /   1053
   212 /   1053
   213 /   1053
   214 /   1053
   215 /   1053
   216 /   1053
   217 /   1053
   218 /   1053
   219 /   1053
   220 /   1053
   221 /   1053
   222 /   1053
   223 /   1053
   224 /   1053
   225 /   1053
   226 /   1053
   227 /   1053
   228 /   1053
   229 /   1053
   230 /   1053
   231 /   1053
   232 /   1053
   233 /   1053
   234 /   1053
   235 /   1053
   236 /   1053
   237 /   1053
   238 /   1053
   239 /   1053
   240 /   1053
   241 /   1053
   242 /   1053
   243 /   1053
   244 /   1053
   245 /   1053
   246 /   1053
   247 /   1053
   248 /   1053
   249 /   1053
   250 /   1053
   251 /   1053
   252 /   1053
   253 /   1053
   254 /   1053
   255 /   1053
   256 /   1053
   257 /   1053
   258 /   1053
   259 /   1053
   260 /   1053
   261 /   1053
   262 /   1053
   263 /   1053
   264 /   1053
   265 /   1053
   266 /   1053
   267 /   1053
   268 /   1053
   269 /   1053
   270 /   1053
   271 /   1053
   272 /   1053
   273 /   1053
   274 /   1053
   275 /   1053
   276 /   1053
   277 /   1053
   278 /   1053
   279 /   1053
   280 /   1053
   281 /   1053
   282 /   1053
   283 /   1053
   284 /   1053
   285 /   1053
   286 /   1053
   287 /   1053
   288 /   1053
   289 /   1053
   290 /   1053
   291 /   1053
   292 /   1053
   293 /   1053
   294 /   1053
   295 /   1053
   296 /   1053
   297 /   1053
   298 /   1053
   299 /   1053
   300 /   1053
   301 /   1053
   302 /   1053
   303 /   1053
   304 /   1053
   305 /   1053
   306 /   1053
   307 /   1053
   308 /   1053
   309 /   1053
   310 /   1053
   311 /   1053
   312 /   1053
   313 /   1053
   314 /   1053
   315 /   1053
   316 /   1053
   317 /   1053
   318 /   1053
   319 /   1053
   320 /   1053
   321 /   1053
   322 /   1053
   323 /   1053
   324 /   1053
   325 /   1053
   326 /   1053
   327 /   1053
   328 /   1053
   329 /   1053
   330 /   1053
   331 /   1053
   332 /   1053
   333 /   1053
   334 /   1053
   335 /   1053
   336 /   1053
   337 /   1053
   338 /   1053
   339 /   1053
   340 /   1053
   341 /   1053
   342 /   1053
   343 /   1053
   344 /   1053
   345 /   1053
   346 /   1053
   347 /   1053
   348 /   1053
   349 /   1053
   350 /   1053
   351 /   1053
   352 /   1053
   353 /   1053
   354 /   1053
   355 /   1053
   356 /   1053
   357 /   1053
   358 /   1053
   359 /   1053
   360 /   1053
   361 /   1053
   362 /   1053
   363 /   1053
   364 /   1053
   365 /   1053
   366 /   1053
   367 /   1053
   368 /   1053
   369 /   1053
   370 /   1053
   371 /   1053
   372 /   1053
   373 /   1053
   374 /   1053
   375 /   1053
   376 /   1053
   377 /   1053
   378 /   1053
   379 /   1053
   380 /   1053
   381 /   1053
   382 /   1053
   383 /   1053
   384 /   1053
   385 /   1053
   386 /   1053
   387 /   1053
   388 /   1053
   389 /   1053
   390 /   1053
   391 /   1053
   392 /   1053
   393 /   1053
   394 /   1053
   395 /   1053
   396 /   1053
   397 /   1053
   398 /   1053
   399 /   1053
   400 /   1053
   401 /   1053
   402 /   1053
   403 /   1053
   404 /   1053
   405 /   1053
   406 /   1053
   407 /   1053
   408 /   1053
   409 /   1053
   410 /   1053
   411 /   1053
   412 /   1053
   413 /   1053
   414 /   1053
   415 /   1053
   416 /   1053
   417 /   1053
   418 /   1053
   419 /   1053
   420 /   1053
   421 /   1053
   422 /   1053
   423 /   1053
   424 /   1053
   425 /   1053
   426 /   1053
   427 /   1053
   428 /   1053
   429 /   1053
   430 /   1053
   431 /   1053
   432 /   1053
   433 /   1053
   434 /   1053
   435 /   1053
   436 /   1053
   437 /   1053
   438 /   1053
   439 /   1053
   440 /   1053
   441 /   1053
   442 /   1053
   443 /   1053
   444 /   1053
   445 /   1053
   446 /   1053
   447 /   1053
   448 /   1053
   449 /   1053
   450 /   1053
   451 /   1053
   452 /   1053
   453 /   1053
   454 /   1053
   455 /   1053
   456 /   1053
   457 /   1053
   458 /   1053
   459 /   1053
   460 /   1053
   461 /   1053
   462 /   1053
   463 /   1053
   464 /   1053
   465 /   1053
   466 /   1053
   467 /   1053
   468 /   1053
   469 /   1053
   470 /   1053
   471 /   1053
   472 /   1053
   473 /   1053
   474 /   1053
   475 /   1053
   476 /   1053
   477 /   1053
   478 /   1053
   479 /   1053
   480 /   1053
   481 /   1053
   482 /   1053
   483 /   1053
   484 /   1053
   485 /   1053
   486 /   1053
   487 /   1053
   488 /   1053
   489 /   1053
   490 /   1053
   491 /   1053
   492 /   1053
   493 /   1053
   494 /   1053
   495 /   1053
   496 /   1053
   497 /   1053
   498 /   1053
   499 /   1053
   500 /   1053
   501 /   1053
   502 /   1053
   503 /   1053
   504 /   1053
   505 /   1053
   506 /   1053
   507 /   1053
   508 /   1053
   509 /   1053
   510 /   1053
   511 /   1053
   512 /   1053
   513 /   1053
   514 /   1053
   515 /   1053
   516 /   1053
   517 /   1053
   518 /   1053
   519 /   1053
   520 /   1053
   521 /   1053
   522 /   1053
   523 /   1053
   524 /   1053
   525 /   1053
   526 /   1053
   527 /   1053
   528 /   1053
   529 /   1053
   530 /   1053
   531 /   1053
   532 /   1053
   533 /   1053
   534 /   1053
   535 /   1053
   536 /   1053
   537 /   1053
   538 /   1053
   539 /   1053
   540 /   1053
   541 /   1053
   542 /   1053
   543 /   1053
   544 /   1053
   545 /   1053
   546 /   1053
   547 /   1053
   548 /   1053
   549 /   1053
   550 /   1053
   551 /   1053
   552 /   1053
   553 /   1053
   554 /   1053
   555 /   1053
   556 /   1053
   557 /   1053
   558 /   1053
   559 /   1053
   560 /   1053
   561 /   1053
   562 /   1053
   563 /   1053
   564 /   1053
   565 /   1053
   566 /   1053
   567 /   1053
   568 /   1053
   569 /   1053
   570 /   1053
   571 /   1053
   572 /   1053
   573 /   1053
   574 /   1053
   575 /   1053
   576 /   1053
   577 /   1053
   578 /   1053
   579 /   1053
   580 /   1053
   581 /   1053
   582 /   1053
   583 /   1053
   584 /   1053
   585 /   1053
   586 /   1053
   587 /   1053
   588 /   1053
   589 /   1053
   590 /   1053
   591 /   1053
   592 /   1053
   593 /   1053
   594 /   1053
   595 /   1053
   596 /   1053
   597 /   1053
   598 /   1053
   599 /   1053
   600 /   1053
   601 /   1053
   602 /   1053
   603 /   1053
   604 /   1053
   605 /   1053
   606 /   1053
   607 /   1053
   608 /   1053
   609 /   1053
   610 /   1053
   611 /   1053
   612 /   1053
   613 /   1053
   614 /   1053
   615 /   1053
   616 /   1053
   617 /   1053
   618 /   1053
   619 /   1053
   620 /   1053
   621 /   1053
   622 /   1053
   623 /   1053
   624 /   1053
   625 /   1053
   626 /   1053
   627 /   1053
   628 /   1053
   629 /   1053
   630 /   1053
   631 /   1053
   632 /   1053
   633 /   1053
   634 /   1053
   635 /   1053
   636 /   1053
   637 /   1053
   638 /   1053
   639 /   1053
   640 /   1053
   641 /   1053
   642 /   1053
   643 /   1053
   644 /   1053
   645 /   1053
   646 /   1053
   647 /   1053
   648 /   1053
   649 /   1053
   650 /   1053
   651 /   1053
   652 /   1053
   653 /   1053
   654 /   1053
   655 /   1053
   656 /   1053
   657 /   1053
   658 /   1053
   659 /   1053
   660 /   1053
   661 /   1053
   662 /   1053
   663 /   1053
   664 /   1053
   665 /   1053
   666 /   1053
   667 /   1053
   668 /   1053
   669 /   1053
   670 /   1053
   671 /   1053
   672 /   1053
   673 /   1053
   674 /   1053
   675 /   1053
   676 /   1053
   677 /   1053
   678 /   1053
   679 /   1053
   680 /   1053
   681 /   1053
   682 /   1053
   683 /   1053
   684 /   1053
   685 /   1053
   686 /   1053
   687 /   1053
   688 /   1053
   689 /   1053
   690 /   1053
   691 /   1053
   692 /   1053
   693 /   1053
   694 /   1053
   695 /   1053
   696 /   1053
   697 /   1053
   698 /   1053
   699 /   1053
   700 /   1053
   701 /   1053
   702 /   1053
   703 /   1053
   704 /   1053
   705 /   1053
   706 /   1053
   707 /   1053
   708 /   1053
   709 /   1053
   710 /   1053
   711 /   1053
   712 /   1053
   713 /   1053
   714 /   1053
   715 /   1053
   716 /   1053
   717 /   1053
   718 /   1053
   719 /   1053
   720 /   1053
   721 /   1053
   722 /   1053
   723 /   1053
   724 /   1053
   725 /   1053
   726 /   1053
   727 /   1053
   728 /   1053
   729 /   1053
   730 /   1053
   731 /   1053
   732 /   1053
   733 /   1053
   734 /   1053
   735 /   1053
   736 /   1053
   737 /   1053
   738 /   1053
   739 /   1053
   740 /   1053
   741 /   1053
   742 /   1053
   743 /   1053
   744 /   1053
   745 /   1053
   746 /   1053
   747 /   1053
   748 /   1053
   749 /   1053
   750 /   1053
   751 /   1053
   752 /   1053
   753 /   1053
   754 /   1053
   755 /   1053
   756 /   1053
   757 /   1053
   758 /   1053
   759 /   1053
   760 /   1053
   761 /   1053
   762 /   1053
   763 /   1053
   764 /   1053
   765 /   1053
   766 /   1053
   767 /   1053
   768 /   1053
   769 /   1053
   770 /   1053
   771 /   1053
   772 /   1053
   773 /   1053
   774 /   1053
   775 /   1053
   776 /   1053
   777 /   1053
   778 /   1053
   779 /   1053
   780 /   1053
   781 /   1053
   782 /   1053
   783 /   1053
   784 /   1053
   785 /   1053
   786 /   1053
   787 /   1053
   788 /   1053
   789 /   1053
   790 /   1053
   791 /   1053
   792 /   1053
   793 /   1053
   794 /   1053
   795 /   1053
   796 /   1053
   797 /   1053
   798 /   1053
   799 /   1053
   800 /   1053
   801 /   1053
   802 /   1053
   803 /   1053
   804 /   1053
   805 /   1053
   806 /   1053
   807 /   1053
   808 /   1053
   809 /   1053
   810 /   1053
   811 /   1053
   812 /   1053
   813 /   1053
   814 /   1053
   815 /   1053
   816 /   1053
   817 /   1053
   818 /   1053
   819 /   1053
   820 /   1053
   821 /   1053
   822 /   1053
   823 /   1053
   824 /   1053
   825 /   1053
   826 /   1053
   827 /   1053
   828 /   1053
   829 /   1053
   830 /   1053
   831 /   1053
   832 /   1053
   833 /   1053
   834 /   1053
   835 /   1053
   836 /   1053
   837 /   1053
   838 /   1053
   839 /   1053
   840 /   1053
   841 /   1053
   842 /   1053
   843 /   1053
   844 /   1053
   845 /   1053
   846 /   1053
   847 /   1053
   848 /   1053
   849 /   1053
   850 /   1053
   851 /   1053
   852 /   1053
   853 /   1053
   854 /   1053
   855 /   1053
   856 /   1053
   857 /   1053
   858 /   1053
   859 /   1053
   860 /   1053
   861 /   1053
   862 /   1053
   863 /   1053
   864 /   1053
   865 /   1053
   866 /   1053
   867 /   1053
   868 /   1053
   869 /   1053
   870 /   1053
   871 /   1053
   872 /   1053
   873 /   1053
   874 /   1053
   875 /   1053
   876 /   1053
   877 /   1053
   878 /   1053
   879 /   1053
   880 /   1053
   881 /   1053
   882 /   1053
   883 /   1053
   884 /   1053
   885 /   1053
   886 /   1053
   887 /   1053
   888 /   1053
   889 /   1053
   890 /   1053
   891 /   1053
   892 /   1053
   893 /   1053
   894 /   1053
   895 /   1053
   896 /   1053
   897 /   1053
   898 /   1053
   899 /   1053
   900 /   1053
   901 /   1053
   902 /   1053
   903 /   1053
   904 /   1053
   905 /   1053
   906 /   1053
   907 /   1053
   908 /   1053
   909 /   1053
   910 /   1053
   911 /   1053
   912 /   1053
   913 /   1053
   914 /   1053
   915 /   1053
   916 /   1053
   917 /   1053
   918 /   1053
   919 /   1053
   920 /   1053
   921 /   1053
   922 /   1053
   923 /   1053
   924 /   1053
   925 /   1053
   926 /   1053
   927 /   1053
   928 /   1053
   929 /   1053
   930 /   1053
   931 /   1053
   932 /   1053
   933 /   1053
   934 /   1053
   935 /   1053
   936 /   1053
   937 /   1053
   938 /   1053
   939 /   1053
   940 /   1053
   941 /   1053
   942 /   1053
   943 /   1053
   944 /   1053
   945 /   1053
   946 /   1053
   947 /   1053
   948 /   1053
   949 /   1053
   950 /   1053
   951 /   1053
   952 /   1053
   953 /   1053
   954 /   1053
   955 /   1053
   956 /   1053
   957 /   1053
   958 /   1053
   959 /   1053
   960 /   1053
   961 /   1053
   962 /   1053
   963 /   1053
   964 /   1053
   965 /   1053
   966 /   1053
   967 /   1053
   968 /   1053
   969 /   1053
   970 /   1053
   971 /   1053
   972 /   1053
   973 /   1053
   974 /   1053
   975 /   1053
   976 /   1053
   977 /   1053
   978 /   1053
   979 /   1053
   980 /   1053
   981 /   1053
   982 /   1053
   983 /   1053
   984 /   1053
   985 /   1053
   986 /   1053
   987 /   1053
   988 /   1053
   989 /   1053
   990 /   1053
   991 /   1053
   992 /   1053
   993 /   1053
   994 /   1053
   995 /   1053
   996 /   1053
   997 /   1053
   998 /   1053
   999 /   1053
  1000 /   1053
  1001 /   1053
  1002 /   1053
  1003 /   1053
  1004 /   1053
  1005 /   1053
  1006 /   1053
  1007 /   1053
  1008 /   1053
  1009 /   1053
  1010 /   1053
  1011 /   1053
  1012 /   1053
  1013 /   1053
  1014 /   1053
  1015 /   1053
  1016 /   1053
  1017 /   1053
  1018 /   1053
  1019 /   1053
  1020 /   1053
  1021 /   1053
  1022 /   1053
  1023 /   1053
  1024 /   1053
  1025 /   1053
  1026 /   1053
  1027 /   1053
  1028 /   1053
  1029 /   1053
  1030 /   1053
  1031 /   1053
  1032 /   1053
  1033 /   1053
  1034 /   1053
  1035 /   1053
  1036 /   1053
  1037 /   1053
  1038 /   1053
  1039 /   1053
  1040 /   1053
  1041 /   1053
  1042 /   1053
  1043 /   1053
  1044 /   1053
  1045 /   1053
  1046 /   1053
  1047 /   1053
  1048 /   1053
  1049 /   1053
  1050 /   1053
  1051 /   1053
  1052 /   1053
  1053 /   1053
Music saved at: output/music.wav

2025-07-09 13:01:51,105 - ERROR - STDERR:
WARNING[XFORMERS]: xFormers can't load C++/CUDA extensions. xFormers was built for:
    PyTorch 2.1.0+cu121 with CUDA 1201 (you have 2.1.0+cpu)
    Python  3.9.13 (you have 3.9.13)
  Please reinstall xformers (see https://github.com/facebookresearch/xformers#installing-xformers)
  Memory-efficient attention, SwiGLU, sparse and more won't be available.
  Set XFORMERS_MORE_DETAILS=1 for more details
C:\Users\SNEH\Desktop\AI MUSIC\sound\audiocraft_env\lib\site-packages\torch\nn\utils\weight_norm.py:30: UserWarning: torch.nn.utils.weight_norm is deprecated in favor of torch.nn.utils.parametrizations.weight_norm.
  warnings.warn("torch.nn.utils.weight_norm is deprecated in favor of torch.nn.utils.parametrizations.weight_norm.")

2025-07-09 13:01:51,105 - INFO - Music generation completed
2025-07-09 13:01:51,105 - INFO - \U0001f3af Forwarding voice and music to tune_music.py for final tuning...
2025-07-09 13:01:51,299 - INFO - \U0001f3b6 Tuning music for genre: pop
2025-07-09 13:01:54,602 - ERROR - \u274c Music tuning failed.
Traceback (most recent call last):
  File "C:\Users\SNEH\Desktop\AI MUSIC\tune_music.py", line 41, in <module>
    logger.info(f"\U0001f3b5 Voice tempo: {tempo_voice:.2f} | Music tempo: {tempo_music:.2f}")
                ^^^^^^^^^^^^^^^^^^^^^^^^^^^^^^^^^^^^^^^^^^^^^^^^^^^^^^^^^^^^^^^^^^^^^
TypeError: unsupported format string passed to numpy.ndarray.__format__
2025-07-09 13:01:54,884 - INFO - \U0001f3b6 tune_music.py stdout:

2025-07-09 13:01:54,884 - ERROR - \U0001f3b6 tune_music.py stderr:
Traceback (most recent call last):
  File "C:\Users\SNEH\Desktop\AI MUSIC\tune_music.py", line 41, in <module>
    logger.info(f"\U0001f3b5 Voice tempo: {tempo_voice:.2f} | Music tempo: {tempo_music:.2f}")
                ^^^^^^^^^^^^^^^^^^^^^^^^^^^^^^^^^^^^^^^^^^^^^^^^^^^^^^^^^^^^^^^^^^^^^
TypeError: unsupported format string passed to numpy.ndarray.__format__

During handling of the above exception, another exception occurred:

Traceback (most recent call last):
  File "C:\Users\SNEH\Desktop\AI MUSIC\tune_music.py", line 104, in <module>
    print(f"\u274c Music tuning failed: {e}")
  File "C:\Users\SNEH\AppData\Local\Programs\Python\Python311\Lib\encodings\cp1252.py", line 19, in encode
    return codecs.charmap_encode(input,self.errors,encoding_table)[0]
           ^^^^^^^^^^^^^^^^^^^^^^^^^^^^^^^^^^^^^^^^^^^^^^^^^^^^^^^
UnicodeEncodeError: 'charmap' codec can't encode character '\u274c' in position 0: character maps to <undefined>

2025-07-09 13:01:54,884 - ERROR - \u274c tune_music.py failed
2025-07-09 13:01:54,890 - INFO - 127.0.0.1 - - [09/Jul/2025 13:01:54] "[35m[1mPOST /generate HTTP/1.1[0m" 500 -
2025-07-09 13:04:22,424 - INFO -  * Detected change in 'c:\\Users\\SNEH\\Desktop\\AI MUSIC\\run.py', reloading
2025-07-09 13:04:22,464 - INFO -  * Restarting with stat
2025-07-09 13:04:23,794 - INFO -  * Restarting with stat
2025-07-09 13:04:24,152 - WARNING -  * Debugger is active!
2025-07-09 13:04:24,152 - INFO -  * Debugger PIN: 133-803-107
2025-07-09 13:04:25,204 - INFO -  * Detected change in 'c:\\Users\\SNEH\\Desktop\\AI MUSIC\\run.py', reloading
2025-07-09 13:04:25,234 - INFO -  * Restarting with stat
2025-07-09 13:04:27,545 - INFO -  * Restarting with stat
2025-07-09 13:04:27,834 - WARNING -  * Debugger is active!
2025-07-09 13:04:27,834 - INFO -  * Debugger PIN: 133-803-107
2025-07-09 13:04:28,884 - INFO -  * Detected change in 'c:\\Users\\SNEH\\Desktop\\AI MUSIC\\run.py', reloading
2025-07-09 13:04:28,916 - INFO -  * Restarting with stat
2025-07-09 13:04:36,290 - INFO -  * Restarting with stat
2025-07-09 13:04:36,623 - WARNING -  * Debugger is active!
2025-07-09 13:04:36,624 - INFO -  * Debugger PIN: 133-803-107
2025-07-09 13:04:46,823 - INFO -  * Detected change in 'c:\\Users\\SNEH\\Desktop\\AI MUSIC\\run.py', reloading
2025-07-09 13:04:46,869 - INFO -  * Restarting with stat
2025-07-09 13:07:12,441 - INFO - \U0001f3b6 Tuning music for genre: pop
2025-07-09 13:07:15,554 - ERROR - \u274c Music tuning failed.
Traceback (most recent call last):
  File "C:\Users\SNEH\Desktop\AI MUSIC\tune_music.py", line 41, in <module>
    logger.info(f"\U0001f3b5 Voice tempo: {tempo_voice:.2f} | Music tempo: {tempo_music:.2f}")
                ^^^^^^^^^^^^^^^^^^^^^^^^^^^^^^^^^^^^^^^^^^^^^^^^^^^^^^^^^^^^^^^^^^^^^
TypeError: unsupported format string passed to numpy.ndarray.__format__
2025-07-09 13:13:31,254 - INFO - \U0001f3b6 Tuning music for genre: pop
2025-07-09 13:13:34,449 - ERROR - Music tuning failed.
Traceback (most recent call last):
  File "C:\Users\SNEH\Desktop\AI MUSIC\tune_music.py", line 41, in <module>
    logger.info(f"Voice tempo: {tempo_voice:.2f} | Music tempo: {tempo_music:.2f}")
                ^^^^^^^^^^^^^^^^^^^^^^^^^^^^^^^^^^^^^^^^^^^^^^^^^^^^^^^^^^^^^^^^^^
TypeError: unsupported format string passed to numpy.ndarray.__format__
2025-07-09 13:28:47,978 - INFO - \U0001f3b6 Tuning music for genre: pop
2025-07-09 13:28:52,336 - ERROR - Music tuning failed.
Traceback (most recent call last):
  File "C:\Users\SNEH\Desktop\AI MUSIC\tune_music.py", line 41, in <module>
    logger.info(f"Voice tempo: {tempo_voice:.2f} | Music tempo: {tempo_music:.2f}")
                ^^^^^^^^^^^^^^^^^^^^^^^^^^^^^^^^^^^^^^^^^^^^^^^^^^^^^^^^^^^^^^^^^^
TypeError: unsupported format string passed to numpy.ndarray.__format__
2025-07-09 14:40:02,487 - INFO - Tuning music for genre: pop
2025-07-09 14:40:14,384 - ERROR - Music tuning failed.
Traceback (most recent call last):
  File "C:\Users\SNEH\Desktop\AI MUSIC\tune_music.py", line 41, in <module>
    logger.info(f"Voice tempo: {tempo_voice:.2f} | Music tempo: {tempo_music:.2f}")
                ^^^^^^^^^^^^^^^^^^^^^^^^^^^^^^^^^^^^^^^^^^^^^^^^^^^^^^^^^^^^^^^^^^
TypeError: unsupported format string passed to numpy.ndarray.__format__
2025-07-09 14:53:12,918 - INFO - Reached0
2025-07-09 14:53:13,153 - INFO - Reached
2025-07-09 15:03:51,548 - INFO - Reached0
2025-07-09 15:03:51,791 - INFO - Reached
